Analysis & Synthesis report for 21Game
Mon Aug 21 08:50:49 2017
Quartus II Version 9.0 Build 132 02/25/2009 SJ Full Version


---------------------
; Table of Contents ;
---------------------
  1. Legal Notice
  2. Analysis & Synthesis Summary
  3. Analysis & Synthesis Settings
  4. Analysis & Synthesis Source Files Read
  5. Analysis & Synthesis Resource Usage Summary
  6. Analysis & Synthesis Resource Utilization by Entity
  7. Analysis & Synthesis RAM Summary
  8. Registers Removed During Synthesis
  9. General Register Statistics
 10. Source assignments for cont52:inst23|lpm_counter1:inst|lpm_counter:lpm_counter_component
 11. Parameter Settings for User Entity Instance: muxBCD:inst18|lpm_mux1:inst|lpm_mux:lpm_mux_component
 12. Parameter Settings for User Entity Instance: Acumulador:inst19|altaccumulate:altaccumulate_component
 13. Parameter Settings for User Entity Instance: Comparador21:das|lpm_compare:lpm_compare_component
 14. Parameter Settings for User Entity Instance: Acumulador:inst21|altaccumulate:altaccumulate_component
 15. Parameter Settings for User Entity Instance: ROM:inst4|lpm_rom:lpm_rom_component
 16. Parameter Settings for User Entity Instance: cont52:inst23|lpm_counter1:inst|lpm_counter:lpm_counter_component
 17. Parameter Settings for User Entity Instance: Comparador17:inst15|lpm_compare:lpm_compare_component
 18. Parameter Settings for User Entity Instance: Comparador21:inst5|lpm_compare:lpm_compare_component
 19. Parameter Settings for User Entity Instance: ComparadorFinal:inst36|lpm_compare:lpm_compare_component
 20. Analysis & Synthesis Messages



----------------
; Legal Notice ;
----------------
Copyright (C) 1991-2009 Altera Corporation
Your use of Altera Corporation's design tools, logic functions 
and other software and tools, and its AMPP partner logic 
functions, and any output files from any of the foregoing 
(including device programming or simulation files), and any 
associated documentation or information are expressly subject 
to the terms and conditions of the Altera Program License 
Subscription Agreement, Altera MegaCore Function License 
Agreement, or other applicable license agreement, including, 
without limitation, that your use is for the sole purpose of 
programming logic devices manufactured by Altera and sold by 
Altera or its authorized distributors.  Please refer to the 
applicable agreement for further details.



+------------------------------------------------------------------------+
; Analysis & Synthesis Summary                                           ;
+-----------------------------+------------------------------------------+
; Analysis & Synthesis Status ; Successful - Mon Aug 21 08:50:49 2017    ;
; Quartus II Version          ; 9.0 Build 132 02/25/2009 SJ Full Version ;
; Revision Name               ; 21Game                                   ;
; Top-level Entity Name       ; 21Game                                   ;
; Family                      ; ACEX1K                                   ;
; Total logic elements        ; 271                                      ;
; Total pins                  ; 20                                       ;
; Total memory bits           ; 256                                      ;
; Total PLLs                  ; 0                                        ;
+-----------------------------+------------------------------------------+


+-------------------------------------------------------------------------------------------------+
; Analysis & Synthesis Settings                                                                   ;
+----------------------------------------------------------------+----------------+---------------+
; Option                                                         ; Setting        ; Default Value ;
+----------------------------------------------------------------+----------------+---------------+
; Device                                                         ; EP1K100QC208-3 ;               ;
; Top-level entity name                                          ; 21Game         ; 21Game        ;
; Family name                                                    ; ACEX1K         ; Stratix II    ;
; Use Generated Physical Constraints File                        ; Off            ;               ;
; Use smart compilation                                          ; Off            ; Off           ;
; Create Debugging Nodes for IP Cores                            ; Off            ; Off           ;
; Preserve fewer node names                                      ; On             ; On            ;
; Disable OpenCore Plus hardware evaluation                      ; Off            ; Off           ;
; Verilog Version                                                ; Verilog_2001   ; Verilog_2001  ;
; VHDL Version                                                   ; VHDL93         ; VHDL93        ;
; State Machine Processing                                       ; Auto           ; Auto          ;
; Safe State Machine                                             ; Off            ; Off           ;
; Extract Verilog State Machines                                 ; On             ; On            ;
; Extract VHDL State Machines                                    ; On             ; On            ;
; Ignore Verilog initial constructs                              ; Off            ; Off           ;
; Iteration limit for constant Verilog loops                     ; 5000           ; 5000          ;
; Iteration limit for non-constant Verilog loops                 ; 250            ; 250           ;
; Add Pass-Through Logic to Inferred RAMs                        ; On             ; On            ;
; Parallel Synthesis                                             ; Off            ; Off           ;
; NOT Gate Push-Back                                             ; On             ; On            ;
; Power-Up Don't Care                                            ; On             ; On            ;
; Remove Redundant Logic Cells                                   ; Off            ; Off           ;
; Remove Duplicate Registers                                     ; On             ; On            ;
; Ignore CARRY Buffers                                           ; Off            ; Off           ;
; Ignore CASCADE Buffers                                         ; Off            ; Off           ;
; Ignore GLOBAL Buffers                                          ; Off            ; Off           ;
; Ignore ROW GLOBAL Buffers                                      ; Off            ; Off           ;
; Ignore LCELL Buffers                                           ; Off            ; Off           ;
; Ignore SOFT Buffers                                            ; On             ; On            ;
; Limit AHDL Integers to 32 Bits                                 ; Off            ; Off           ;
; Auto Implement in ROM                                          ; Off            ; Off           ;
; Optimization Technique                                         ; Area           ; Area          ;
; Carry Chain Length                                             ; 32             ; 32            ;
; Cascade Chain Length                                           ; 2              ; 2             ;
; Auto Carry Chains                                              ; On             ; On            ;
; Auto Open-Drain Pins                                           ; On             ; On            ;
; Auto ROM Replacement                                           ; On             ; On            ;
; Auto RAM Replacement                                           ; On             ; On            ;
; Auto Clock Enable Replacement                                  ; On             ; On            ;
; Strict RAM Replacement                                         ; Off            ; Off           ;
; Auto Resource Sharing                                          ; Off            ; Off           ;
; Allow Any RAM Size For Recognition                             ; Off            ; Off           ;
; Allow Any ROM Size For Recognition                             ; Off            ; Off           ;
; Use LogicLock Constraints during Resource Balancing            ; On             ; On            ;
; Ignore translate_off and synthesis_off directives              ; Off            ; Off           ;
; Show Parameter Settings Tables in Synthesis Report             ; On             ; On            ;
; HDL message level                                              ; Level2         ; Level2        ;
; Suppress Register Optimization Related Messages                ; Off            ; Off           ;
; Number of Removed Registers Reported in Synthesis Report       ; 100            ; 100           ;
; Number of Inverted Registers Reported in Synthesis Report      ; 100            ; 100           ;
; Block Design Naming                                            ; Auto           ; Auto          ;
; Synthesis Effort                                               ; Auto           ; Auto          ;
; Allows Asynchronous Clear Usage For Shift Register Replacement ; On             ; On            ;
; Analysis & Synthesis Message Level                             ; Medium         ; Medium        ;
+----------------------------------------------------------------+----------------+---------------+


+---------------------------------------------------------------------------------------------------------------------------------------------------------------------+
; Analysis & Synthesis Source Files Read                                                                                                                              ;
+----------------------------------+-----------------+------------------------------------+---------------------------------------------------------------------------+
; File Name with User-Entered Path ; Used in Netlist ; File Type                          ; File Name with Absolute Path                                              ;
+----------------------------------+-----------------+------------------------------------+---------------------------------------------------------------------------+
; Saidas.bdf                       ; yes             ; User Block Diagram/Schematic File  ; /home/aluno/21 Game - Bruno e Lucas/Saidas.bdf                            ;
; lpm_mux1.tdf                     ; yes             ; User Wizard-Generated File         ; /home/aluno/21 Game - Bruno e Lucas/lpm_mux1.tdf                          ;
; lpm_counter1.tdf                 ; yes             ; User Wizard-Generated File         ; /home/aluno/21 Game - Bruno e Lucas/lpm_counter1.tdf                      ;
; ROM.vhd                          ; yes             ; User Wizard-Generated File         ; /home/aluno/21 Game - Bruno e Lucas/ROM.vhd                               ;
; MaquinaDeEstadoMoore.bdf         ; yes             ; User Block Diagram/Schematic File  ; /home/aluno/21 Game - Bruno e Lucas/MaquinaDeEstadoMoore.bdf              ;
; Debounce.bdf                     ; yes             ; User Block Diagram/Schematic File  ; /home/aluno/21 Game - Bruno e Lucas/Debounce.bdf                          ;
; ContadorModulo10.bdf             ; yes             ; User Block Diagram/Schematic File  ; /home/aluno/21 Game - Bruno e Lucas/ContadorModulo10.bdf                  ;
; contador0a3.bdf                  ; yes             ; User Block Diagram/Schematic File  ; /home/aluno/21 Game - Bruno e Lucas/contador0a3.bdf                       ;
; 21Game.bdf                       ; yes             ; User Block Diagram/Schematic File  ; /home/aluno/21 Game - Bruno e Lucas/21Game.bdf                            ;
; cont52.bdf                       ; yes             ; User Block Diagram/Schematic File  ; /home/aluno/21 Game - Bruno e Lucas/cont52.bdf                            ;
; muxBCD.bdf                       ; yes             ; User Block Diagram/Schematic File  ; /home/aluno/21 Game - Bruno e Lucas/muxBCD.bdf                            ;
; Acumulador.vhd                   ; yes             ; User Wizard-Generated File         ; /home/aluno/21 Game - Bruno e Lucas/Acumulador.vhd                        ;
; Comparador21.vhd                 ; yes             ; User Wizard-Generated File         ; /home/aluno/21 Game - Bruno e Lucas/Comparador21.vhd                      ;
; Comparador17.vhd                 ; yes             ; User Wizard-Generated File         ; /home/aluno/21 Game - Bruno e Lucas/Comparador17.vhd                      ;
; ComparadorFinal.vhd              ; yes             ; User Wizard-Generated File         ; /home/aluno/21 Game - Bruno e Lucas/ComparadorFinal.vhd                   ;
; decoderSelecao7seg.bdf           ; yes             ; User Block Diagram/Schematic File  ; /home/aluno/21 Game - Bruno e Lucas/decoderSelecao7seg.bdf                ;
; decoderAcumulador.bdf            ; yes             ; User Block Diagram/Schematic File  ; /home/aluno/21 Game - Bruno e Lucas/decoderAcumulador.bdf                 ;
; lpm_mux.inc                      ; yes             ; Megafunction                       ; /opt/altera/9.0/quartus/libraries/megafunctions/lpm_mux.inc               ;
; lpm_counter.inc                  ; yes             ; Megafunction                       ; /opt/altera/9.0/quartus/libraries/megafunctions/lpm_counter.inc           ;
; 74247.bdf                        ; yes             ; Megafunction                       ; /opt/altera/9.0/quartus/libraries/others/maxplus2/74247.bdf               ;
; lpm_mux.tdf                      ; yes             ; Megafunction                       ; /opt/altera/9.0/quartus/libraries/megafunctions/lpm_mux.tdf               ;
; aglobal90.inc                    ; yes             ; Megafunction                       ; /opt/altera/9.0/quartus/libraries/megafunctions/aglobal90.inc             ;
; muxlut.inc                       ; yes             ; Megafunction                       ; /opt/altera/9.0/quartus/libraries/megafunctions/muxlut.inc                ;
; bypassff.inc                     ; yes             ; Megafunction                       ; /opt/altera/9.0/quartus/libraries/megafunctions/bypassff.inc              ;
; altshift.inc                     ; yes             ; Megafunction                       ; /opt/altera/9.0/quartus/libraries/megafunctions/altshift.inc              ;
; altshift.tdf                     ; yes             ; Megafunction                       ; /opt/altera/9.0/quartus/libraries/megafunctions/altshift.tdf              ;
; muxlut.tdf                       ; yes             ; Megafunction                       ; /opt/altera/9.0/quartus/libraries/megafunctions/muxlut.tdf                ;
; 74185.bdf                        ; yes             ; Megafunction                       ; /opt/altera/9.0/quartus/libraries/others/maxplus2/74185.bdf               ;
; altaccumulate.tdf                ; yes             ; Megafunction                       ; /opt/altera/9.0/quartus/libraries/megafunctions/altaccumulate.tdf         ;
; accumulate_no_wys.inc            ; yes             ; Megafunction                       ; /opt/altera/9.0/quartus/libraries/megafunctions/accumulate_no_wys.inc     ;
; altaccumulate_stratix.inc        ; yes             ; Megafunction                       ; /opt/altera/9.0/quartus/libraries/megafunctions/altaccumulate_stratix.inc ;
; altaccumulate_mercury.inc        ; yes             ; Megafunction                       ; /opt/altera/9.0/quartus/libraries/megafunctions/altaccumulate_mercury.inc ;
; db/accum_0ve.tdf                 ; yes             ; Auto-Generated Megafunction        ; /home/aluno/21 Game - Bruno e Lucas/db/accum_0ve.tdf                      ;
; 7408.bdf                         ; yes             ; Megafunction                       ; /opt/altera/9.0/quartus/libraries/others/maxplus2/7408.bdf                ;
; 74294.bdf                        ; yes             ; Megafunction                       ; /opt/altera/9.0/quartus/libraries/others/maxplus2/74294.bdf               ;
; lpm_compare.tdf                  ; yes             ; Megafunction                       ; /opt/altera/9.0/quartus/libraries/megafunctions/lpm_compare.tdf           ;
; comptree.inc                     ; yes             ; Megafunction                       ; /opt/altera/9.0/quartus/libraries/megafunctions/comptree.inc              ;
; comptree.tdf                     ; yes             ; Megafunction                       ; /opt/altera/9.0/quartus/libraries/megafunctions/comptree.tdf              ;
; cmpchain.inc                     ; yes             ; Megafunction                       ; /opt/altera/9.0/quartus/libraries/megafunctions/cmpchain.inc              ;
; lpm_constant.inc                 ; yes             ; Megafunction                       ; /opt/altera/9.0/quartus/libraries/megafunctions/lpm_constant.inc          ;
; cmpchain.tdf                     ; yes             ; Megafunction                       ; /opt/altera/9.0/quartus/libraries/megafunctions/cmpchain.tdf              ;
; lpm_rom.tdf                      ; yes             ; Megafunction                       ; /opt/altera/9.0/quartus/libraries/megafunctions/lpm_rom.tdf               ;
; altrom.inc                       ; yes             ; Megafunction                       ; /opt/altera/9.0/quartus/libraries/megafunctions/altrom.inc                ;
; altrom.tdf                       ; yes             ; Megafunction                       ; /opt/altera/9.0/quartus/libraries/megafunctions/altrom.tdf                ;
; memmodes.inc                     ; yes             ; Megafunction                       ; /opt/altera/9.0/quartus/libraries/others/maxplus2/memmodes.inc            ;
; lpm_decode.inc                   ; yes             ; Megafunction                       ; /opt/altera/9.0/quartus/libraries/megafunctions/lpm_decode.inc            ;
; altqpram.inc                     ; yes             ; Megafunction                       ; /opt/altera/9.0/quartus/libraries/megafunctions/altqpram.inc              ;
; altsyncram.inc                   ; yes             ; Megafunction                       ; /opt/altera/9.0/quartus/libraries/megafunctions/altsyncram.inc            ;
; lpm_counter.tdf                  ; yes             ; Megafunction                       ; /opt/altera/9.0/quartus/libraries/megafunctions/lpm_counter.tdf           ;
; lpm_add_sub.inc                  ; yes             ; Megafunction                       ; /opt/altera/9.0/quartus/libraries/megafunctions/lpm_add_sub.inc           ;
; cmpconst.inc                     ; yes             ; Megafunction                       ; /opt/altera/9.0/quartus/libraries/megafunctions/cmpconst.inc              ;
; lpm_compare.inc                  ; yes             ; Megafunction                       ; /opt/altera/9.0/quartus/libraries/megafunctions/lpm_compare.inc           ;
; dffeea.inc                       ; yes             ; Megafunction                       ; /opt/altera/9.0/quartus/libraries/megafunctions/dffeea.inc                ;
; alt_synch_counter.inc            ; yes             ; Megafunction                       ; /opt/altera/9.0/quartus/libraries/megafunctions/alt_synch_counter.inc     ;
; alt_synch_counter_f.inc          ; yes             ; Megafunction                       ; /opt/altera/9.0/quartus/libraries/megafunctions/alt_synch_counter_f.inc   ;
; alt_counter_f10ke.inc            ; yes             ; Megafunction                       ; /opt/altera/9.0/quartus/libraries/megafunctions/alt_counter_f10ke.inc     ;
; alt_counter_stratix.inc          ; yes             ; Megafunction                       ; /opt/altera/9.0/quartus/libraries/megafunctions/alt_counter_stratix.inc   ;
; alt_counter_f10ke.tdf            ; yes             ; Megafunction                       ; /opt/altera/9.0/quartus/libraries/megafunctions/alt_counter_f10ke.tdf     ;
; flex10ke_lcell.inc               ; yes             ; Megafunction                       ; /opt/altera/9.0/quartus/libraries/megafunctions/flex10ke_lcell.inc        ;
; 74273.bdf                        ; yes             ; Megafunction                       ; /opt/altera/9.0/quartus/libraries/others/maxplus2/74273.bdf               ;
+----------------------------------+-----------------+------------------------------------+---------------------------------------------------------------------------+


+------------------------------------------------------------+
; Analysis & Synthesis Resource Usage Summary                ;
+-----------------------------------+------------------------+
; Resource                          ; Usage                  ;
+-----------------------------------+------------------------+
; Total logic elements              ; 271                    ;
; Total combinational functions     ; 234                    ;
;     -- Total 4-input functions    ; 55                     ;
;     -- Total 3-input functions    ; 39                     ;
;     -- Total 2-input functions    ; 61                     ;
;     -- Total 1-input functions    ; 79                     ;
;     -- Total 0-input functions    ; 0                      ;
; Total registers                   ; 133                    ;
; Total logic cells in carry chains ; 16                     ;
; I/O pins                          ; 20                     ;
; Total memory bits                 ; 256                    ;
; Maximum fan-out node              ; Debounce:inst31|inst10 ;
; Maximum fan-out                   ; 33                     ;
; Total fan-out                     ; 924                    ;
; Average fan-out                   ; 3.13                   ;
+-----------------------------------+------------------------+


+------------------------------------------------------------------------------------------------------------------------------------------------------------------------------------------------------------------------------------------------------------------------------------------------------------------------------------------------------------+
; Analysis & Synthesis Resource Utilization by Entity                                                                                                                                                                                                                                                                                                        ;
+-----------------------------------------------+-------------+--------------+-------------+------+--------------+-------------------+------------------+-----------------+------------+------------------------------------------------------------------------------------------------------------------------------------------------------+--------------+
; Compilation Hierarchy Node                    ; Logic Cells ; LC Registers ; Memory Bits ; Pins ; LUT-Only LCs ; Register-Only LCs ; LUT/Register LCs ; Carry Chain LCs ; Packed LCs ; Full Hierarchy Name                                                                                                                                  ; Library Name ;
+-----------------------------------------------+-------------+--------------+-------------+------+--------------+-------------------+------------------+-----------------+------------+------------------------------------------------------------------------------------------------------------------------------------------------------+--------------+
; |21Game                                       ; 271 (4)     ; 133          ; 256         ; 20   ; 138 (4)      ; 37 (0)            ; 96 (0)           ; 16 (0)          ; 0 (0)      ; |21Game                                                                                                                                              ; work         ;
;    |74185:inst11|                             ; 1 (1)       ; 0            ; 0           ; 0    ; 1 (1)        ; 0 (0)             ; 0 (0)            ; 0 (0)           ; 0 (0)      ; |21Game|74185:inst11                                                                                                                                 ; work         ;
;    |74247:inst6|                              ; 7 (7)       ; 0            ; 0           ; 0    ; 7 (7)        ; 0 (0)             ; 0 (0)            ; 0 (0)           ; 0 (0)      ; |21Game|74247:inst6                                                                                                                                  ; work         ;
;    |74273:inst35|                             ; 5 (5)       ; 5            ; 0           ; 0    ; 0 (0)        ; 5 (5)             ; 0 (0)            ; 0 (0)           ; 0 (0)      ; |21Game|74273:inst35                                                                                                                                 ; work         ;
;    |74273:inst37|                             ; 5 (5)       ; 5            ; 0           ; 0    ; 0 (0)        ; 5 (5)             ; 0 (0)            ; 0 (0)           ; 0 (0)      ; |21Game|74273:inst37                                                                                                                                 ; work         ;
;    |74294:inst25|                             ; 28 (28)     ; 15           ; 0           ; 0    ; 13 (13)      ; 0 (0)             ; 15 (15)          ; 0 (0)           ; 0 (0)      ; |21Game|74294:inst25                                                                                                                                 ; work         ;
;    |Acumulador:inst19|                        ; 10 (0)      ; 5            ; 0           ; 0    ; 5 (0)        ; 5 (0)             ; 0 (0)            ; 5 (0)           ; 0 (0)      ; |21Game|Acumulador:inst19                                                                                                                            ; work         ;
;       |altaccumulate:altaccumulate_component| ; 10 (0)      ; 5            ; 0           ; 0    ; 5 (0)        ; 5 (0)             ; 0 (0)            ; 5 (0)           ; 0 (0)      ; |21Game|Acumulador:inst19|altaccumulate:altaccumulate_component                                                                                      ; work         ;
;          |accum_0ve:accum_cell|               ; 10 (10)     ; 5            ; 0           ; 0    ; 5 (5)        ; 5 (5)             ; 0 (0)            ; 5 (5)           ; 0 (0)      ; |21Game|Acumulador:inst19|altaccumulate:altaccumulate_component|accum_0ve:accum_cell                                                                 ; work         ;
;    |Acumulador:inst21|                        ; 10 (0)      ; 5            ; 0           ; 0    ; 5 (0)        ; 5 (0)             ; 0 (0)            ; 5 (0)           ; 0 (0)      ; |21Game|Acumulador:inst21                                                                                                                            ; work         ;
;       |altaccumulate:altaccumulate_component| ; 10 (0)      ; 5            ; 0           ; 0    ; 5 (0)        ; 5 (0)             ; 0 (0)            ; 5 (0)           ; 0 (0)      ; |21Game|Acumulador:inst21|altaccumulate:altaccumulate_component                                                                                      ; work         ;
;          |accum_0ve:accum_cell|               ; 10 (10)     ; 5            ; 0           ; 0    ; 5 (5)        ; 5 (5)             ; 0 (0)            ; 5 (5)           ; 0 (0)      ; |21Game|Acumulador:inst21|altaccumulate:altaccumulate_component|accum_0ve:accum_cell                                                                 ; work         ;
;    |Comparador17:inst15|                      ; 2 (0)       ; 2            ; 0           ; 0    ; 0 (0)        ; 0 (0)             ; 2 (0)            ; 0 (0)           ; 0 (0)      ; |21Game|Comparador17:inst15                                                                                                                          ; work         ;
;       |lpm_compare:lpm_compare_component|     ; 2 (0)       ; 2            ; 0           ; 0    ; 0 (0)        ; 0 (0)             ; 2 (0)            ; 0 (0)           ; 0 (0)      ; |21Game|Comparador17:inst15|lpm_compare:lpm_compare_component                                                                                        ; work         ;
;          |comptree:comparator|                ; 2 (0)       ; 2            ; 0           ; 0    ; 0 (0)        ; 0 (0)             ; 2 (0)            ; 0 (0)           ; 0 (0)      ; |21Game|Comparador17:inst15|lpm_compare:lpm_compare_component|comptree:comparator                                                                    ; work         ;
;             |cmpchain:cmp[0]|                 ; 1 (1)       ; 1            ; 0           ; 0    ; 0 (0)        ; 0 (0)             ; 1 (1)            ; 0 (0)           ; 0 (0)      ; |21Game|Comparador17:inst15|lpm_compare:lpm_compare_component|comptree:comparator|cmpchain:cmp[0]                                                    ; work         ;
;             |comptree:sub_comptree|           ; 1 (0)       ; 1            ; 0           ; 0    ; 0 (0)        ; 0 (0)             ; 1 (0)            ; 0 (0)           ; 0 (0)      ; |21Game|Comparador17:inst15|lpm_compare:lpm_compare_component|comptree:comparator|comptree:sub_comptree                                              ; work         ;
;                |cmpchain:gt_cmp_end|          ; 1 (1)       ; 1            ; 0           ; 0    ; 0 (0)        ; 0 (0)             ; 1 (1)            ; 0 (0)           ; 0 (0)      ; |21Game|Comparador17:inst15|lpm_compare:lpm_compare_component|comptree:comparator|comptree:sub_comptree|cmpchain:gt_cmp_end                          ; work         ;
;    |Comparador21:das|                         ; 5 (0)       ; 3            ; 0           ; 0    ; 2 (0)        ; 1 (0)             ; 2 (0)            ; 0 (0)           ; 0 (0)      ; |21Game|Comparador21:das                                                                                                                             ; work         ;
;       |lpm_compare:lpm_compare_component|     ; 5 (0)       ; 3            ; 0           ; 0    ; 2 (0)        ; 1 (0)             ; 2 (0)            ; 0 (0)           ; 0 (0)      ; |21Game|Comparador21:das|lpm_compare:lpm_compare_component                                                                                           ; work         ;
;          |comptree:comparator|                ; 5 (0)       ; 3            ; 0           ; 0    ; 2 (0)        ; 1 (0)             ; 2 (0)            ; 0 (0)           ; 0 (0)      ; |21Game|Comparador21:das|lpm_compare:lpm_compare_component|comptree:comparator                                                                       ; work         ;
;             |cmpchain:cmp[0]|                 ; 2 (2)       ; 2            ; 0           ; 0    ; 0 (0)        ; 0 (0)             ; 2 (2)            ; 0 (0)           ; 0 (0)      ; |21Game|Comparador21:das|lpm_compare:lpm_compare_component|comptree:comparator|cmpchain:cmp[0]                                                       ; work         ;
;             |cmpchain:cmp_end|                ; 1 (1)       ; 1            ; 0           ; 0    ; 0 (0)        ; 1 (1)             ; 0 (0)            ; 0 (0)           ; 0 (0)      ; |21Game|Comparador21:das|lpm_compare:lpm_compare_component|comptree:comparator|cmpchain:cmp_end                                                      ; work         ;
;             |comptree:sub_comptree|           ; 2 (0)       ; 0            ; 0           ; 0    ; 2 (0)        ; 0 (0)             ; 0 (0)            ; 0 (0)           ; 0 (0)      ; |21Game|Comparador21:das|lpm_compare:lpm_compare_component|comptree:comparator|comptree:sub_comptree                                                 ; work         ;
;                |cmpchain:eq_cmp_end|          ; 1 (1)       ; 0            ; 0           ; 0    ; 1 (1)        ; 0 (0)             ; 0 (0)            ; 0 (0)           ; 0 (0)      ; |21Game|Comparador21:das|lpm_compare:lpm_compare_component|comptree:comparator|comptree:sub_comptree|cmpchain:eq_cmp_end                             ; work         ;
;                |cmpchain:gt_cmp_end|          ; 1 (1)       ; 0            ; 0           ; 0    ; 1 (1)        ; 0 (0)             ; 0 (0)            ; 0 (0)           ; 0 (0)      ; |21Game|Comparador21:das|lpm_compare:lpm_compare_component|comptree:comparator|comptree:sub_comptree|cmpchain:gt_cmp_end                             ; work         ;
;    |Comparador21:inst5|                       ; 5 (0)       ; 3            ; 0           ; 0    ; 2 (0)        ; 1 (0)             ; 2 (0)            ; 0 (0)           ; 0 (0)      ; |21Game|Comparador21:inst5                                                                                                                           ; work         ;
;       |lpm_compare:lpm_compare_component|     ; 5 (0)       ; 3            ; 0           ; 0    ; 2 (0)        ; 1 (0)             ; 2 (0)            ; 0 (0)           ; 0 (0)      ; |21Game|Comparador21:inst5|lpm_compare:lpm_compare_component                                                                                         ; work         ;
;          |comptree:comparator|                ; 5 (0)       ; 3            ; 0           ; 0    ; 2 (0)        ; 1 (0)             ; 2 (0)            ; 0 (0)           ; 0 (0)      ; |21Game|Comparador21:inst5|lpm_compare:lpm_compare_component|comptree:comparator                                                                     ; work         ;
;             |cmpchain:cmp[0]|                 ; 2 (2)       ; 2            ; 0           ; 0    ; 0 (0)        ; 0 (0)             ; 2 (2)            ; 0 (0)           ; 0 (0)      ; |21Game|Comparador21:inst5|lpm_compare:lpm_compare_component|comptree:comparator|cmpchain:cmp[0]                                                     ; work         ;
;             |cmpchain:cmp_end|                ; 1 (1)       ; 1            ; 0           ; 0    ; 0 (0)        ; 1 (1)             ; 0 (0)            ; 0 (0)           ; 0 (0)      ; |21Game|Comparador21:inst5|lpm_compare:lpm_compare_component|comptree:comparator|cmpchain:cmp_end                                                    ; work         ;
;             |comptree:sub_comptree|           ; 2 (0)       ; 0            ; 0           ; 0    ; 2 (0)        ; 0 (0)             ; 0 (0)            ; 0 (0)           ; 0 (0)      ; |21Game|Comparador21:inst5|lpm_compare:lpm_compare_component|comptree:comparator|comptree:sub_comptree                                               ; work         ;
;                |cmpchain:eq_cmp_end|          ; 1 (1)       ; 0            ; 0           ; 0    ; 1 (1)        ; 0 (0)             ; 0 (0)            ; 0 (0)           ; 0 (0)      ; |21Game|Comparador21:inst5|lpm_compare:lpm_compare_component|comptree:comparator|comptree:sub_comptree|cmpchain:eq_cmp_end                           ; work         ;
;                |cmpchain:gt_cmp_end|          ; 1 (1)       ; 0            ; 0           ; 0    ; 1 (1)        ; 0 (0)             ; 0 (0)            ; 0 (0)           ; 0 (0)      ; |21Game|Comparador21:inst5|lpm_compare:lpm_compare_component|comptree:comparator|comptree:sub_comptree|cmpchain:gt_cmp_end                           ; work         ;
;    |ComparadorFinal:inst36|                   ; 18 (0)      ; 14           ; 0           ; 0    ; 4 (0)        ; 6 (0)             ; 8 (0)            ; 0 (0)           ; 0 (0)      ; |21Game|ComparadorFinal:inst36                                                                                                                       ; work         ;
;       |lpm_compare:lpm_compare_component|     ; 18 (0)      ; 14           ; 0           ; 0    ; 4 (0)        ; 6 (0)             ; 8 (0)            ; 0 (0)           ; 0 (0)      ; |21Game|ComparadorFinal:inst36|lpm_compare:lpm_compare_component                                                                                     ; work         ;
;          |altshift:aeb_ext_lat_ffs|           ; 1 (1)       ; 1            ; 0           ; 0    ; 0 (0)        ; 1 (1)             ; 0 (0)            ; 0 (0)           ; 0 (0)      ; |21Game|ComparadorFinal:inst36|lpm_compare:lpm_compare_component|altshift:aeb_ext_lat_ffs                                                            ; work         ;
;          |altshift:agb_ext_lat_ffs|           ; 1 (1)       ; 1            ; 0           ; 0    ; 0 (0)        ; 1 (1)             ; 0 (0)            ; 0 (0)           ; 0 (0)      ; |21Game|ComparadorFinal:inst36|lpm_compare:lpm_compare_component|altshift:agb_ext_lat_ffs                                                            ; work         ;
;          |comptree:comparator|                ; 16 (0)      ; 12           ; 0           ; 0    ; 4 (0)        ; 4 (0)             ; 8 (0)            ; 0 (0)           ; 0 (0)      ; |21Game|ComparadorFinal:inst36|lpm_compare:lpm_compare_component|comptree:comparator                                                                 ; work         ;
;             |cmpchain:cmp[0]|                 ; 4 (4)       ; 2            ; 0           ; 0    ; 2 (2)        ; 1 (1)             ; 1 (1)            ; 0 (0)           ; 0 (0)      ; |21Game|ComparadorFinal:inst36|lpm_compare:lpm_compare_component|comptree:comparator|cmpchain:cmp[0]                                                 ; work         ;
;             |cmpchain:cmp[1]|                 ; 4 (4)       ; 2            ; 0           ; 0    ; 2 (2)        ; 1 (1)             ; 1 (1)            ; 0 (0)           ; 0 (0)      ; |21Game|ComparadorFinal:inst36|lpm_compare:lpm_compare_component|comptree:comparator|cmpchain:cmp[1]                                                 ; work         ;
;             |cmpchain:cmp_end|                ; 2 (2)       ; 2            ; 0           ; 0    ; 0 (0)        ; 0 (0)             ; 2 (2)            ; 0 (0)           ; 0 (0)      ; |21Game|ComparadorFinal:inst36|lpm_compare:lpm_compare_component|comptree:comparator|cmpchain:cmp_end                                                ; work         ;
;             |comptree:sub_comptree|           ; 6 (0)       ; 6            ; 0           ; 0    ; 0 (0)        ; 2 (0)             ; 4 (0)            ; 0 (0)           ; 0 (0)      ; |21Game|ComparadorFinal:inst36|lpm_compare:lpm_compare_component|comptree:comparator|comptree:sub_comptree                                           ; work         ;
;                |cmpchain:cmp[0]|              ; 2 (2)       ; 2            ; 0           ; 0    ; 0 (0)        ; 0 (0)             ; 2 (2)            ; 0 (0)           ; 0 (0)      ; |21Game|ComparadorFinal:inst36|lpm_compare:lpm_compare_component|comptree:comparator|comptree:sub_comptree|cmpchain:cmp[0]                           ; work         ;
;                |cmpchain:cmp_end|             ; 2 (2)       ; 2            ; 0           ; 0    ; 0 (0)        ; 2 (2)             ; 0 (0)            ; 0 (0)           ; 0 (0)      ; |21Game|ComparadorFinal:inst36|lpm_compare:lpm_compare_component|comptree:comparator|comptree:sub_comptree|cmpchain:cmp_end                          ; work         ;
;                |comptree:sub_comptree|        ; 2 (0)       ; 2            ; 0           ; 0    ; 0 (0)        ; 0 (0)             ; 2 (0)            ; 0 (0)           ; 0 (0)      ; |21Game|ComparadorFinal:inst36|lpm_compare:lpm_compare_component|comptree:comparator|comptree:sub_comptree|comptree:sub_comptree                     ; work         ;
;                   |cmpchain:eq_cmp_end|       ; 1 (1)       ; 1            ; 0           ; 0    ; 0 (0)        ; 0 (0)             ; 1 (1)            ; 0 (0)           ; 0 (0)      ; |21Game|ComparadorFinal:inst36|lpm_compare:lpm_compare_component|comptree:comparator|comptree:sub_comptree|comptree:sub_comptree|cmpchain:eq_cmp_end ; work         ;
;                   |cmpchain:gt_cmp_end|       ; 1 (1)       ; 1            ; 0           ; 0    ; 0 (0)        ; 0 (0)             ; 1 (1)            ; 0 (0)           ; 0 (0)      ; |21Game|ComparadorFinal:inst36|lpm_compare:lpm_compare_component|comptree:comparator|comptree:sub_comptree|comptree:sub_comptree|cmpchain:gt_cmp_end ; work         ;
;    |ContadorModulo10:inst14|                  ; 6 (6)       ; 4            ; 0           ; 0    ; 2 (2)        ; 0 (0)             ; 4 (4)            ; 0 (0)           ; 0 (0)      ; |21Game|ContadorModulo10:inst14                                                                                                                      ; work         ;
;    |ContadorModulo10:inst24|                  ; 6 (6)       ; 4            ; 0           ; 0    ; 2 (2)        ; 0 (0)             ; 4 (4)            ; 0 (0)           ; 0 (0)      ; |21Game|ContadorModulo10:inst24                                                                                                                      ; work         ;
;    |ContadorModulo10:inst26|                  ; 6 (6)       ; 4            ; 0           ; 0    ; 2 (2)        ; 0 (0)             ; 4 (4)            ; 0 (0)           ; 0 (0)      ; |21Game|ContadorModulo10:inst26                                                                                                                      ; work         ;
;    |Debounce:inst28|                          ; 34 (4)      ; 18           ; 0           ; 0    ; 16 (1)       ; 3 (3)             ; 15 (0)           ; 0 (0)           ; 0 (0)      ; |21Game|Debounce:inst28                                                                                                                              ; work         ;
;       |7408:inst5|                            ; 1 (1)       ; 0            ; 0           ; 0    ; 1 (1)        ; 0 (0)             ; 0 (0)            ; 0 (0)           ; 0 (0)      ; |21Game|Debounce:inst28|7408:inst5                                                                                                                   ; work         ;
;       |74294:inst4|                           ; 29 (29)     ; 15           ; 0           ; 0    ; 14 (14)      ; 0 (0)             ; 15 (15)          ; 0 (0)           ; 0 (0)      ; |21Game|Debounce:inst28|74294:inst4                                                                                                                  ; work         ;
;    |Debounce:inst31|                          ; 34 (4)      ; 18           ; 0           ; 0    ; 16 (1)       ; 3 (3)             ; 15 (0)           ; 0 (0)           ; 0 (0)      ; |21Game|Debounce:inst31                                                                                                                              ; work         ;
;       |7408:inst5|                            ; 1 (1)       ; 0            ; 0           ; 0    ; 1 (1)        ; 0 (0)             ; 0 (0)            ; 0 (0)           ; 0 (0)      ; |21Game|Debounce:inst31|7408:inst5                                                                                                                   ; work         ;
;       |74294:inst4|                           ; 29 (29)     ; 15           ; 0           ; 0    ; 14 (14)      ; 0 (0)             ; 15 (15)          ; 0 (0)           ; 0 (0)      ; |21Game|Debounce:inst31|74294:inst4                                                                                                                  ; work         ;
;    |Debounce:inst33|                          ; 34 (4)      ; 18           ; 0           ; 0    ; 16 (1)       ; 3 (3)             ; 15 (0)           ; 0 (0)           ; 0 (0)      ; |21Game|Debounce:inst33                                                                                                                              ; work         ;
;       |7408:inst5|                            ; 1 (1)       ; 0            ; 0           ; 0    ; 1 (1)        ; 0 (0)             ; 0 (0)            ; 0 (0)           ; 0 (0)      ; |21Game|Debounce:inst33|7408:inst5                                                                                                                   ; work         ;
;       |74294:inst4|                           ; 29 (29)     ; 15           ; 0           ; 0    ; 14 (14)      ; 0 (0)             ; 15 (15)          ; 0 (0)           ; 0 (0)      ; |21Game|Debounce:inst33|74294:inst4                                                                                                                  ; work         ;
;    |MaquinaDeEstadoMoore:inst|                ; 7 (7)       ; 2            ; 0           ; 0    ; 5 (5)        ; 0 (0)             ; 2 (2)            ; 0 (0)           ; 0 (0)      ; |21Game|MaquinaDeEstadoMoore:inst                                                                                                                    ; work         ;
;    |ROM:inst4|                                ; 0 (0)       ; 0            ; 256         ; 0    ; 0 (0)        ; 0 (0)             ; 0 (0)            ; 0 (0)           ; 0 (0)      ; |21Game|ROM:inst4                                                                                                                                    ; work         ;
;       |lpm_rom:lpm_rom_component|             ; 0 (0)       ; 0            ; 256         ; 0    ; 0 (0)        ; 0 (0)             ; 0 (0)            ; 0 (0)           ; 0 (0)      ; |21Game|ROM:inst4|lpm_rom:lpm_rom_component                                                                                                          ; work         ;
;          |altrom:srom|                        ; 0 (0)       ; 0            ; 256         ; 0    ; 0 (0)        ; 0 (0)             ; 0 (0)            ; 0 (0)           ; 0 (0)      ; |21Game|ROM:inst4|lpm_rom:lpm_rom_component|altrom:srom                                                                                              ; work         ;
;    |Saidas:inst54|                            ; 5 (5)       ; 0            ; 0           ; 0    ; 5 (5)        ; 0 (0)             ; 0 (0)            ; 0 (0)           ; 0 (0)      ; |21Game|Saidas:inst54                                                                                                                                ; work         ;
;    |cont52:inst23|                            ; 8 (2)       ; 6            ; 0           ; 0    ; 2 (2)        ; 0 (0)             ; 6 (0)            ; 6 (0)           ; 0 (0)      ; |21Game|cont52:inst23                                                                                                                                ; work         ;
;       |lpm_counter1:inst|                     ; 6 (0)       ; 6            ; 0           ; 0    ; 0 (0)        ; 0 (0)             ; 6 (0)            ; 6 (0)           ; 0 (0)      ; |21Game|cont52:inst23|lpm_counter1:inst                                                                                                              ; work         ;
;          |lpm_counter:lpm_counter_component|  ; 6 (0)       ; 6            ; 0           ; 0    ; 0 (0)        ; 0 (0)             ; 6 (0)            ; 6 (0)           ; 0 (0)      ; |21Game|cont52:inst23|lpm_counter1:inst|lpm_counter:lpm_counter_component                                                                            ; work         ;
;             |alt_counter_f10ke:wysi_counter|  ; 6 (6)       ; 6            ; 0           ; 0    ; 0 (0)        ; 0 (0)             ; 6 (6)            ; 6 (6)           ; 0 (0)      ; |21Game|cont52:inst23|lpm_counter1:inst|lpm_counter:lpm_counter_component|alt_counter_f10ke:wysi_counter                                             ; work         ;
;    |contador0a3:inst16|                       ; 2 (2)       ; 2            ; 0           ; 0    ; 0 (0)        ; 0 (0)             ; 2 (2)            ; 0 (0)           ; 0 (0)      ; |21Game|contador0a3:inst16                                                                                                                           ; work         ;
;    |decoderAcumulador:inst44|                 ; 2 (2)       ; 0            ; 0           ; 0    ; 2 (2)        ; 0 (0)             ; 0 (0)            ; 0 (0)           ; 0 (0)      ; |21Game|decoderAcumulador:inst44                                                                                                                     ; work         ;
;    |decoderSelecao7seg:inst29|                ; 4 (4)       ; 0            ; 0           ; 0    ; 4 (4)        ; 0 (0)             ; 0 (0)            ; 0 (0)           ; 0 (0)      ; |21Game|decoderSelecao7seg:inst29                                                                                                                    ; work         ;
;    |muxBCD:inst18|                            ; 23 (0)      ; 0            ; 0           ; 0    ; 23 (0)       ; 0 (0)             ; 0 (0)            ; 0 (0)           ; 0 (0)      ; |21Game|muxBCD:inst18                                                                                                                                ; work         ;
;       |lpm_mux1:inst|                         ; 23 (0)      ; 0            ; 0           ; 0    ; 23 (0)       ; 0 (0)             ; 0 (0)            ; 0 (0)           ; 0 (0)      ; |21Game|muxBCD:inst18|lpm_mux1:inst                                                                                                                  ; work         ;
;          |lpm_mux:lpm_mux_component|          ; 23 (0)      ; 0            ; 0           ; 0    ; 23 (0)       ; 0 (0)             ; 0 (0)            ; 0 (0)           ; 0 (0)      ; |21Game|muxBCD:inst18|lpm_mux1:inst|lpm_mux:lpm_mux_component                                                                                        ; work         ;
;             |muxlut:$00009|                   ; 8 (8)       ; 0            ; 0           ; 0    ; 8 (8)        ; 0 (0)             ; 0 (0)            ; 0 (0)           ; 0 (0)      ; |21Game|muxBCD:inst18|lpm_mux1:inst|lpm_mux:lpm_mux_component|muxlut:$00009                                                                          ; work         ;
;             |muxlut:$00011|                   ; 6 (6)       ; 0            ; 0           ; 0    ; 6 (6)        ; 0 (0)             ; 0 (0)            ; 0 (0)           ; 0 (0)      ; |21Game|muxBCD:inst18|lpm_mux1:inst|lpm_mux:lpm_mux_component|muxlut:$00011                                                                          ; work         ;
;             |muxlut:$00013|                   ; 4 (4)       ; 0            ; 0           ; 0    ; 4 (4)        ; 0 (0)             ; 0 (0)            ; 0 (0)           ; 0 (0)      ; |21Game|muxBCD:inst18|lpm_mux1:inst|lpm_mux:lpm_mux_component|muxlut:$00013                                                                          ; work         ;
;             |muxlut:$00015|                   ; 5 (5)       ; 0            ; 0           ; 0    ; 5 (5)        ; 0 (0)             ; 0 (0)            ; 0 (0)           ; 0 (0)      ; |21Game|muxBCD:inst18|lpm_mux1:inst|lpm_mux:lpm_mux_component|muxlut:$00015                                                                          ; work         ;
+-----------------------------------------------+-------------+--------------+-------------+------+--------------+-------------------+------------------+-----------------+------------+------------------------------------------------------------------------------------------------------------------------------------------------------+--------------+
Note: For table entries with two numbers listed, the numbers in parentheses indicate the number of resources of the given type used by the specific entity alone. The numbers listed outside of parentheses indicate the total resources of the given type used by the specific entity and all of its sub-entities in the hierarchy.


+-------------------------------------------------------------------------------------------------------------------------------------------------------+
; Analysis & Synthesis RAM Summary                                                                                                                      ;
+---------------------------------------------------------+------+--------------+--------------+--------------+--------------+------+-------------------+
; Name                                                    ; Mode ; Port A Depth ; Port A Width ; Port B Depth ; Port B Width ; Size ; MIF               ;
+---------------------------------------------------------+------+--------------+--------------+--------------+--------------+------+-------------------+
; ROM:inst4|lpm_rom:lpm_rom_component|altrom:srom|content ; ROM  ; 64           ; 4            ; --           ; --           ; 256  ; TabelaMemoria.hex ;
+---------------------------------------------------------+------+--------------+--------------+--------------+--------------+------+-------------------+


+------------------------------------------------------------------------------------------------------------------------------------------------------------------------------------------------------------------+
; Registers Removed During Synthesis                                                                                                                                                                               ;
+----------------------------------------------------------------------------------------------------+-------------------------------------------------------------------------------------------------------------+
; Register name                                                                                      ; Reason for Removal                                                                                          ;
+----------------------------------------------------------------------------------------------------+-------------------------------------------------------------------------------------------------------------+
; Comparador21:inst5|lpm_compare:lpm_compare_component|comptree:comparator|cmpchain:cmp_end|agb_out  ; Stuck at GND due to stuck port data_in                                                                      ;
; Comparador21:das|lpm_compare:lpm_compare_component|comptree:comparator|cmpchain:cmp_end|agb_out    ; Stuck at GND due to stuck port data_in                                                                      ;
; Comparador17:inst15|lpm_compare:lpm_compare_component|comptree:comparator|cmpchain:cmp_end|aeb_out ; Merged with Comparador21:das|lpm_compare:lpm_compare_component|comptree:comparator|cmpchain:cmp_end|aeb_out ;
; Comparador17:inst15|lpm_compare:lpm_compare_component|comptree:comparator|cmpchain:cmp_end|agb_out ; Merged with Comparador21:das|lpm_compare:lpm_compare_component|comptree:comparator|cmpchain:cmp_end|aeb_out ;
; Debounce:inst28|inst3                                                                              ; Merged with ContadorModulo10:inst24|inst                                                                    ;
; Debounce:inst31|inst3                                                                              ; Merged with ContadorModulo10:inst24|inst                                                                    ;
; Debounce:inst33|inst3                                                                              ; Merged with ContadorModulo10:inst24|inst                                                                    ;
; Total Number of Removed Registers = 7                                                              ;                                                                                                             ;
+----------------------------------------------------------------------------------------------------+-------------------------------------------------------------------------------------------------------------+


+------------------------------------------------------+
; General Register Statistics                          ;
+----------------------------------------------+-------+
; Statistic                                    ; Value ;
+----------------------------------------------+-------+
; Total registers                              ; 133   ;
; Number of registers using Synchronous Clear  ; 6     ;
; Number of registers using Synchronous Load   ; 0     ;
; Number of registers using Asynchronous Clear ; 65    ;
; Number of registers using Asynchronous Load  ; 0     ;
; Number of registers using Clock Enable       ; 90    ;
; Number of registers using Preset             ; 0     ;
+----------------------------------------------+-------+


+------------------------------------------------------------------------------------------+
; Source assignments for cont52:inst23|lpm_counter1:inst|lpm_counter:lpm_counter_component ;
+---------------------------+-------+------+-----------------------------------------------+
; Assignment                ; Value ; From ; To                                            ;
+---------------------------+-------+------+-----------------------------------------------+
; SUPPRESS_DA_RULE_INTERNAL ; a101  ; -    ; -                                             ;
; SUPPRESS_DA_RULE_INTERNAL ; s102  ; -    ; -                                             ;
; SUPPRESS_DA_RULE_INTERNAL ; s103  ; -    ; -                                             ;
+---------------------------+-------+------+-----------------------------------------------+


+----------------------------------------------------------------------------------------------------+
; Parameter Settings for User Entity Instance: muxBCD:inst18|lpm_mux1:inst|lpm_mux:lpm_mux_component ;
+------------------------+---------+-----------------------------------------------------------------+
; Parameter Name         ; Value   ; Type                                                            ;
+------------------------+---------+-----------------------------------------------------------------+
; AUTO_CARRY_CHAINS      ; ON      ; AUTO_CARRY                                                      ;
; IGNORE_CARRY_BUFFERS   ; OFF     ; IGNORE_CARRY                                                    ;
; AUTO_CASCADE_CHAINS    ; ON      ; AUTO_CASCADE                                                    ;
; IGNORE_CASCADE_BUFFERS ; OFF     ; IGNORE_CASCADE                                                  ;
; LPM_WIDTH              ; 4       ; Untyped                                                         ;
; LPM_SIZE               ; 4       ; Untyped                                                         ;
; LPM_WIDTHS             ; 2       ; Untyped                                                         ;
; LPM_PIPELINE           ; 0       ; Untyped                                                         ;
; CBXI_PARAMETER         ; mux_p9c ; Untyped                                                         ;
; DEVICE_FAMILY          ; ACEX1K  ; Untyped                                                         ;
+------------------------+---------+-----------------------------------------------------------------+
Note: In order to hide this table in the UI and the text report file, please set the "Show Parameter Settings Tables in Synthesis Report" option in "Analysis and Synthesis Settings -> More Settings" to "Off".


+------------------------------------------------------------------------------------------------------+
; Parameter Settings for User Entity Instance: Acumulador:inst19|altaccumulate:altaccumulate_component ;
+------------------------+-----------+-----------------------------------------------------------------+
; Parameter Name         ; Value     ; Type                                                            ;
+------------------------+-----------+-----------------------------------------------------------------+
; AUTO_CARRY_CHAINS      ; ON        ; AUTO_CARRY                                                      ;
; IGNORE_CARRY_BUFFERS   ; OFF       ; IGNORE_CARRY                                                    ;
; AUTO_CASCADE_CHAINS    ; ON        ; AUTO_CASCADE                                                    ;
; IGNORE_CASCADE_BUFFERS ; OFF       ; IGNORE_CASCADE                                                  ;
; USE_WYS                ; ON        ; Untyped                                                         ;
; WIDTH_IN               ; 4         ; Signed Integer                                                  ;
; WIDTH_OUT              ; 5         ; Signed Integer                                                  ;
; CARRY_CHAIN            ; MANUAL    ; Untyped                                                         ;
; CARRY_CHAIN_LENGTH     ; 48        ; CARRY_CHAIN_LENGTH                                              ;
; DEVICE_FAMILY          ; ACEX1K    ; Untyped                                                         ;
; LPM_REPRESENTATION     ; UNSIGNED  ; Untyped                                                         ;
; EXTRA_LATENCY          ; 0         ; Untyped                                                         ;
; CBXI_PARAMETER         ; accum_0ve ; Untyped                                                         ;
+------------------------+-----------+-----------------------------------------------------------------+
Note: In order to hide this table in the UI and the text report file, please set the "Show Parameter Settings Tables in Synthesis Report" option in "Analysis and Synthesis Settings -> More Settings" to "Off".


+-------------------------------------------------------------------------------------------------+
; Parameter Settings for User Entity Instance: Comparador21:das|lpm_compare:lpm_compare_component ;
+------------------------+----------+-------------------------------------------------------------+
; Parameter Name         ; Value    ; Type                                                        ;
+------------------------+----------+-------------------------------------------------------------+
; lpm_width              ; 5        ; Signed Integer                                              ;
; LPM_REPRESENTATION     ; UNSIGNED ; Untyped                                                     ;
; LPM_PIPELINE           ; 1        ; Signed Integer                                              ;
; CHAIN_SIZE             ; 8        ; Untyped                                                     ;
; ONE_INPUT_IS_CONSTANT  ; YES      ; Untyped                                                     ;
; CARRY_CHAIN            ; MANUAL   ; Untyped                                                     ;
; CASCADE_CHAIN          ; MANUAL   ; Untyped                                                     ;
; CARRY_CHAIN_LENGTH     ; 48       ; CARRY_CHAIN_LENGTH                                          ;
; CASCADE_CHAIN_LENGTH   ; 2        ; CASCADE_CHAIN_LENGTH                                        ;
; DEVICE_FAMILY          ; ACEX1K   ; Untyped                                                     ;
; CBXI_PARAMETER         ; NOTHING  ; Untyped                                                     ;
; AUTO_CARRY_CHAINS      ; ON       ; AUTO_CARRY                                                  ;
; IGNORE_CARRY_BUFFERS   ; OFF      ; IGNORE_CARRY                                                ;
; AUTO_CASCADE_CHAINS    ; ON       ; AUTO_CASCADE                                                ;
; IGNORE_CASCADE_BUFFERS ; OFF      ; IGNORE_CASCADE                                              ;
+------------------------+----------+-------------------------------------------------------------+
Note: In order to hide this table in the UI and the text report file, please set the "Show Parameter Settings Tables in Synthesis Report" option in "Analysis and Synthesis Settings -> More Settings" to "Off".


+------------------------------------------------------------------------------------------------------+
; Parameter Settings for User Entity Instance: Acumulador:inst21|altaccumulate:altaccumulate_component ;
+------------------------+-----------+-----------------------------------------------------------------+
; Parameter Name         ; Value     ; Type                                                            ;
+------------------------+-----------+-----------------------------------------------------------------+
; AUTO_CARRY_CHAINS      ; ON        ; AUTO_CARRY                                                      ;
; IGNORE_CARRY_BUFFERS   ; OFF       ; IGNORE_CARRY                                                    ;
; AUTO_CASCADE_CHAINS    ; ON        ; AUTO_CASCADE                                                    ;
; IGNORE_CASCADE_BUFFERS ; OFF       ; IGNORE_CASCADE                                                  ;
; USE_WYS                ; ON        ; Untyped                                                         ;
; WIDTH_IN               ; 4         ; Signed Integer                                                  ;
; WIDTH_OUT              ; 5         ; Signed Integer                                                  ;
; CARRY_CHAIN            ; MANUAL    ; Untyped                                                         ;
; CARRY_CHAIN_LENGTH     ; 48        ; CARRY_CHAIN_LENGTH                                              ;
; DEVICE_FAMILY          ; ACEX1K    ; Untyped                                                         ;
; LPM_REPRESENTATION     ; UNSIGNED  ; Untyped                                                         ;
; EXTRA_LATENCY          ; 0         ; Untyped                                                         ;
; CBXI_PARAMETER         ; accum_0ve ; Untyped                                                         ;
+------------------------+-----------+-----------------------------------------------------------------+
Note: In order to hide this table in the UI and the text report file, please set the "Show Parameter Settings Tables in Synthesis Report" option in "Analysis and Synthesis Settings -> More Settings" to "Off".


+----------------------------------------------------------------------------------+
; Parameter Settings for User Entity Instance: ROM:inst4|lpm_rom:lpm_rom_component ;
+------------------------+-------------------+-------------------------------------+
; Parameter Name         ; Value             ; Type                                ;
+------------------------+-------------------+-------------------------------------+
; LPM_WIDTH              ; 4                 ; Signed Integer                      ;
; LPM_WIDTHAD            ; 6                 ; Signed Integer                      ;
; LPM_NUMWORDS           ; 64                ; Untyped                             ;
; LPM_ADDRESS_CONTROL    ; REGISTERED        ; Untyped                             ;
; LPM_OUTDATA            ; REGISTERED        ; Untyped                             ;
; LPM_FILE               ; TabelaMemoria.hex ; Untyped                             ;
; DEVICE_FAMILY          ; ACEX1K            ; Untyped                             ;
; AUTO_CARRY_CHAINS      ; ON                ; AUTO_CARRY                          ;
; IGNORE_CARRY_BUFFERS   ; OFF               ; IGNORE_CARRY                        ;
; AUTO_CASCADE_CHAINS    ; ON                ; AUTO_CASCADE                        ;
; IGNORE_CASCADE_BUFFERS ; OFF               ; IGNORE_CASCADE                      ;
+------------------------+-------------------+-------------------------------------+
Note: In order to hide this table in the UI and the text report file, please set the "Show Parameter Settings Tables in Synthesis Report" option in "Analysis and Synthesis Settings -> More Settings" to "Off".


+----------------------------------------------------------------------------------------------------------------+
; Parameter Settings for User Entity Instance: cont52:inst23|lpm_counter1:inst|lpm_counter:lpm_counter_component ;
+------------------------+-------------+-------------------------------------------------------------------------+
; Parameter Name         ; Value       ; Type                                                                    ;
+------------------------+-------------+-------------------------------------------------------------------------+
; AUTO_CARRY_CHAINS      ; ON          ; AUTO_CARRY                                                              ;
; IGNORE_CARRY_BUFFERS   ; OFF         ; IGNORE_CARRY                                                            ;
; AUTO_CASCADE_CHAINS    ; ON          ; AUTO_CASCADE                                                            ;
; IGNORE_CASCADE_BUFFERS ; OFF         ; IGNORE_CASCADE                                                          ;
; LPM_WIDTH              ; 6           ; Untyped                                                                 ;
; LPM_DIRECTION          ; UP          ; Untyped                                                                 ;
; LPM_MODULUS            ; 0           ; Untyped                                                                 ;
; LPM_AVALUE             ; UNUSED      ; Untyped                                                                 ;
; LPM_SVALUE             ; UNUSED      ; Untyped                                                                 ;
; LPM_PORT_UPDOWN        ; PORT_UNUSED ; Untyped                                                                 ;
; DEVICE_FAMILY          ; ACEX1K      ; Untyped                                                                 ;
; CARRY_CHAIN            ; MANUAL      ; Untyped                                                                 ;
; CARRY_CHAIN_LENGTH     ; 48          ; CARRY_CHAIN_LENGTH                                                      ;
; NOT_GATE_PUSH_BACK     ; ON          ; NOT_GATE_PUSH_BACK                                                      ;
; CARRY_CNT_EN           ; SMART       ; Untyped                                                                 ;
; LABWIDE_SCLR           ; ON          ; Untyped                                                                 ;
; USE_NEW_VERSION        ; TRUE        ; Untyped                                                                 ;
; CBXI_PARAMETER         ; NOTHING     ; Untyped                                                                 ;
+------------------------+-------------+-------------------------------------------------------------------------+
Note: In order to hide this table in the UI and the text report file, please set the "Show Parameter Settings Tables in Synthesis Report" option in "Analysis and Synthesis Settings -> More Settings" to "Off".


+----------------------------------------------------------------------------------------------------+
; Parameter Settings for User Entity Instance: Comparador17:inst15|lpm_compare:lpm_compare_component ;
+------------------------+----------+----------------------------------------------------------------+
; Parameter Name         ; Value    ; Type                                                           ;
+------------------------+----------+----------------------------------------------------------------+
; lpm_width              ; 5        ; Signed Integer                                                 ;
; LPM_REPRESENTATION     ; UNSIGNED ; Untyped                                                        ;
; LPM_PIPELINE           ; 2        ; Signed Integer                                                 ;
; CHAIN_SIZE             ; 8        ; Untyped                                                        ;
; ONE_INPUT_IS_CONSTANT  ; YES      ; Untyped                                                        ;
; CARRY_CHAIN            ; MANUAL   ; Untyped                                                        ;
; CASCADE_CHAIN          ; MANUAL   ; Untyped                                                        ;
; CARRY_CHAIN_LENGTH     ; 48       ; CARRY_CHAIN_LENGTH                                             ;
; CASCADE_CHAIN_LENGTH   ; 2        ; CASCADE_CHAIN_LENGTH                                           ;
; DEVICE_FAMILY          ; ACEX1K   ; Untyped                                                        ;
; CBXI_PARAMETER         ; NOTHING  ; Untyped                                                        ;
; AUTO_CARRY_CHAINS      ; ON       ; AUTO_CARRY                                                     ;
; IGNORE_CARRY_BUFFERS   ; OFF      ; IGNORE_CARRY                                                   ;
; AUTO_CASCADE_CHAINS    ; ON       ; AUTO_CASCADE                                                   ;
; IGNORE_CASCADE_BUFFERS ; OFF      ; IGNORE_CASCADE                                                 ;
+------------------------+----------+----------------------------------------------------------------+
Note: In order to hide this table in the UI and the text report file, please set the "Show Parameter Settings Tables in Synthesis Report" option in "Analysis and Synthesis Settings -> More Settings" to "Off".


+---------------------------------------------------------------------------------------------------+
; Parameter Settings for User Entity Instance: Comparador21:inst5|lpm_compare:lpm_compare_component ;
+------------------------+----------+---------------------------------------------------------------+
; Parameter Name         ; Value    ; Type                                                          ;
+------------------------+----------+---------------------------------------------------------------+
; lpm_width              ; 5        ; Signed Integer                                                ;
; LPM_REPRESENTATION     ; UNSIGNED ; Untyped                                                       ;
; LPM_PIPELINE           ; 1        ; Signed Integer                                                ;
; CHAIN_SIZE             ; 8        ; Untyped                                                       ;
; ONE_INPUT_IS_CONSTANT  ; YES      ; Untyped                                                       ;
; CARRY_CHAIN            ; MANUAL   ; Untyped                                                       ;
; CASCADE_CHAIN          ; MANUAL   ; Untyped                                                       ;
; CARRY_CHAIN_LENGTH     ; 48       ; CARRY_CHAIN_LENGTH                                            ;
; CASCADE_CHAIN_LENGTH   ; 2        ; CASCADE_CHAIN_LENGTH                                          ;
; DEVICE_FAMILY          ; ACEX1K   ; Untyped                                                       ;
; CBXI_PARAMETER         ; NOTHING  ; Untyped                                                       ;
; AUTO_CARRY_CHAINS      ; ON       ; AUTO_CARRY                                                    ;
; IGNORE_CARRY_BUFFERS   ; OFF      ; IGNORE_CARRY                                                  ;
; AUTO_CASCADE_CHAINS    ; ON       ; AUTO_CASCADE                                                  ;
; IGNORE_CASCADE_BUFFERS ; OFF      ; IGNORE_CASCADE                                                ;
+------------------------+----------+---------------------------------------------------------------+
Note: In order to hide this table in the UI and the text report file, please set the "Show Parameter Settings Tables in Synthesis Report" option in "Analysis and Synthesis Settings -> More Settings" to "Off".


+-------------------------------------------------------------------------------------------------------+
; Parameter Settings for User Entity Instance: ComparadorFinal:inst36|lpm_compare:lpm_compare_component ;
+------------------------+----------+-------------------------------------------------------------------+
; Parameter Name         ; Value    ; Type                                                              ;
+------------------------+----------+-------------------------------------------------------------------+
; lpm_width              ; 5        ; Signed Integer                                                    ;
; LPM_REPRESENTATION     ; UNSIGNED ; Untyped                                                           ;
; LPM_PIPELINE           ; 4        ; Signed Integer                                                    ;
; CHAIN_SIZE             ; 8        ; Untyped                                                           ;
; ONE_INPUT_IS_CONSTANT  ; NO       ; Untyped                                                           ;
; CARRY_CHAIN            ; MANUAL   ; Untyped                                                           ;
; CASCADE_CHAIN          ; MANUAL   ; Untyped                                                           ;
; CARRY_CHAIN_LENGTH     ; 48       ; CARRY_CHAIN_LENGTH                                                ;
; CASCADE_CHAIN_LENGTH   ; 2        ; CASCADE_CHAIN_LENGTH                                              ;
; DEVICE_FAMILY          ; ACEX1K   ; Untyped                                                           ;
; CBXI_PARAMETER         ; NOTHING  ; Untyped                                                           ;
; AUTO_CARRY_CHAINS      ; ON       ; AUTO_CARRY                                                        ;
; IGNORE_CARRY_BUFFERS   ; OFF      ; IGNORE_CARRY                                                      ;
; AUTO_CASCADE_CHAINS    ; ON       ; AUTO_CASCADE                                                      ;
; IGNORE_CASCADE_BUFFERS ; OFF      ; IGNORE_CASCADE                                                    ;
+------------------------+----------+-------------------------------------------------------------------+
Note: In order to hide this table in the UI and the text report file, please set the "Show Parameter Settings Tables in Synthesis Report" option in "Analysis and Synthesis Settings -> More Settings" to "Off".


+-------------------------------+
; Analysis & Synthesis Messages ;
+-------------------------------+
Info: *******************************************************************
Info: Running Quartus II Analysis & Synthesis
    Info: Version 9.0 Build 132 02/25/2009 SJ Full Version
    Info: Processing started: Mon Aug 21 08:50:42 2017
Info: Command: quartus_map --read_settings_files=on --write_settings_files=off 21Game -c 21Game
Info: Found 1 design units, including 1 entities, in source file Saidas.bdf
    Info: Found entity 1: Saidas
Info: Found 1 design units, including 1 entities, in source file lpm_mux1.tdf
    Info: Found entity 1: lpm_mux1
Info: Found 1 design units, including 1 entities, in source file lpm_counter1.tdf
    Info: Found entity 1: lpm_counter1
Info: Found 2 design units, including 1 entities, in source file ROM.vhd
    Info: Found design unit 1: rom-SYN
    Info: Found entity 1: ROM
Info: Found 1 design units, including 1 entities, in source file DivisorFrequencia32768hz.bdf
    Info: Found entity 1: DivisorFrequencia32768hz
Info: Found 1 design units, including 1 entities, in source file MaquinaDeEstadoMoore.bdf
    Info: Found entity 1: MaquinaDeEstadoMoore
Info: Found 1 design units, including 1 entities, in source file Debounce.bdf
    Info: Found entity 1: Debounce
Info: Found 1 design units, including 1 entities, in source file ContadorModulo10.bdf
    Info: Found entity 1: ContadorModulo10
Info: Found 1 design units, including 1 entities, in source file contador0a3.bdf
    Info: Found entity 1: contador0a3
Info: Found 1 design units, including 1 entities, in source file 21Game.bdf
    Info: Found entity 1: 21Game
Info: Found 1 design units, including 1 entities, in source file muxPontos.bdf
    Info: Found entity 1: muxPontos
Info: Found 1 design units, including 1 entities, in source file cont52.bdf
    Info: Found entity 1: cont52
Info: Found 1 design units, including 1 entities, in source file SomadorParalelo5bits.bdf
    Info: Found entity 1: SomadorParalelo5bits
Info: Found 1 design units, including 1 entities, in source file SeletorDeAB.bdf
    Info: Found entity 1: SeletorDeAB
Info: Found 1 design units, including 1 entities, in source file cont4.bdf
    Info: Found entity 1: cont4
Info: Found 1 design units, including 1 entities, in source file muxBCD.bdf
    Info: Found entity 1: muxBCD
Info: Found 2 design units, including 1 entities, in source file Acumulador.vhd
    Info: Found design unit 1: acumulador-SYN
    Info: Found entity 1: Acumulador
Info: Found 2 design units, including 1 entities, in source file Comparador21.vhd
    Info: Found design unit 1: comparador21-SYN
    Info: Found entity 1: Comparador21
Info: Found 2 design units, including 1 entities, in source file Comparador17.vhd
    Info: Found design unit 1: comparador17-SYN
    Info: Found entity 1: Comparador17
Info: Found 2 design units, including 1 entities, in source file ComparadorFinal.vhd
    Info: Found design unit 1: comparadorfinal-SYN
    Info: Found entity 1: ComparadorFinal
Info: Found 1 design units, including 1 entities, in source file BLOCO_ACUMULADOR.bdf
    Info: Found entity 1: BLOCO_ACUMULADOR
Info: Found 1 design units, including 1 entities, in source file blocoDecoder7segmentos.bdf
    Info: Found entity 1: blocoDecoder7segmentos
Info: Found 1 design units, including 1 entities, in source file TESTECONVERSORBCD-SELETOR-REG.bdf
    Info: Found entity 1: TESTECONVERSORBCD-SELETOR-REG
Info: Found 1 design units, including 1 entities, in source file decoderSelecao7seg.bdf
    Info: Found entity 1: decoderSelecao7seg
Info: Found 1 design units, including 1 entities, in source file decoderAcumulador.bdf
    Info: Found entity 1: decoderAcumulador
Info: Elaborating entity "21Game" for the top level hierarchy
Warning: Primitive "AND2" of instance "inst1" not used
Warning: Primitive "AND2" of instance "inst13" not used
Warning: Primitive "NOT" of instance "inst17" not used
Warning: Primitive "OR2" of instance "inst20" not used
Warning: Primitive "OR2" of instance "inst22" not used
Warning: Primitive "OR2" of instance "inst30" not used
Warning: Primitive "AND2" of instance "inst32" not used
Warning: Primitive "AND2" of instance "inst42" not used
Warning: Primitive "OR2" of instance "inst46" not used
Warning: Primitive "OR2" of instance "inst48" not used
Warning: Primitive "AND2" of instance "inst49" not used
Warning: Primitive "AND2" of instance "inst50" not used
Warning: Primitive "AND2" of instance "inst51" not used
Warning: Primitive "AND2" of instance "inst52" not used
Info: Elaborating entity "74247" for hierarchy "74247:inst6"
Info: Elaborated megafunction instantiation "74247:inst6"
Info: Elaborating entity "muxBCD" for hierarchy "muxBCD:inst18"
Info: Elaborating entity "lpm_mux1" for hierarchy "muxBCD:inst18|lpm_mux1:inst"
Info: Elaborating entity "lpm_mux" for hierarchy "muxBCD:inst18|lpm_mux1:inst|lpm_mux:lpm_mux_component"
Info: Elaborated megafunction instantiation "muxBCD:inst18|lpm_mux1:inst|lpm_mux:lpm_mux_component"
Info: Instantiated megafunction "muxBCD:inst18|lpm_mux1:inst|lpm_mux:lpm_mux_component" with the following parameter:
    Info: Parameter "LPM_TYPE" = "LPM_MUX"
    Info: Parameter "LPM_WIDTH" = "4"
    Info: Parameter "LPM_SIZE" = "4"
    Info: Parameter "LPM_WIDTHS" = "2"
Info: Elaborating entity "altshift" for hierarchy "muxBCD:inst18|lpm_mux1:inst|lpm_mux:lpm_mux_component|altshift:external_latency_ffs"
Info: Elaborated megafunction instantiation "muxBCD:inst18|lpm_mux1:inst|lpm_mux:lpm_mux_component|altshift:external_latency_ffs", which is child of megafunction instantiation "muxBCD:inst18|lpm_mux1:inst|lpm_mux:lpm_mux_component"
Info: Elaborating entity "muxlut" for hierarchy "muxBCD:inst18|lpm_mux1:inst|lpm_mux:lpm_mux_component|muxlut:$00009"
Info: Elaborated megafunction instantiation "muxBCD:inst18|lpm_mux1:inst|lpm_mux:lpm_mux_component|muxlut:$00009", which is child of megafunction instantiation "muxBCD:inst18|lpm_mux1:inst|lpm_mux:lpm_mux_component"
Info: Elaborating entity "74185" for hierarchy "74185:inst10"
Info: Elaborated megafunction instantiation "74185:inst10"
Info: Elaborating entity "Acumulador" for hierarchy "Acumulador:inst19"
Info: Elaborating entity "altaccumulate" for hierarchy "Acumulador:inst19|altaccumulate:altaccumulate_component"
Info: Elaborated megafunction instantiation "Acumulador:inst19|altaccumulate:altaccumulate_component"
Info: Instantiated megafunction "Acumulador:inst19|altaccumulate:altaccumulate_component" with the following parameter:
    Info: Parameter "lpm_representation" = "UNSIGNED"
    Info: Parameter "lpm_type" = "altaccumulate"
    Info: Parameter "width_in" = "4"
    Info: Parameter "width_out" = "5"
Info: Found 1 design units, including 1 entities, in source file db/accum_0ve.tdf
    Info: Found entity 1: accum_0ve
Info: Elaborating entity "accum_0ve" for hierarchy "Acumulador:inst19|altaccumulate:altaccumulate_component|accum_0ve:accum_cell"
Info: Elaborating entity "Debounce" for hierarchy "Debounce:inst31"
Info: Elaborating entity "7408" for hierarchy "Debounce:inst31|7408:inst5"
Info: Elaborated megafunction instantiation "Debounce:inst31|7408:inst5"
Info: Elaborating entity "74294" for hierarchy "Debounce:inst31|74294:inst4"
Info: Elaborated megafunction instantiation "Debounce:inst31|74294:inst4"
Info: Elaborating entity "ContadorModulo10" for hierarchy "ContadorModulo10:inst14"
Info: Elaborating entity "decoderAcumulador" for hierarchy "decoderAcumulador:inst44"
Info: Elaborating entity "MaquinaDeEstadoMoore" for hierarchy "MaquinaDeEstadoMoore:inst"
Info: Elaborating entity "Comparador21" for hierarchy "Comparador21:das"
Info: Elaborating entity "lpm_compare" for hierarchy "Comparador21:das|lpm_compare:lpm_compare_component"
Info: Elaborated megafunction instantiation "Comparador21:das|lpm_compare:lpm_compare_component"
Info: Instantiated megafunction "Comparador21:das|lpm_compare:lpm_compare_component" with the following parameter:
    Info: Parameter "lpm_hint" = "ONE_INPUT_IS_CONSTANT=YES"
    Info: Parameter "lpm_pipeline" = "1"
    Info: Parameter "lpm_representation" = "UNSIGNED"
    Info: Parameter "lpm_type" = "LPM_COMPARE"
    Info: Parameter "lpm_width" = "5"
Info: Elaborating entity "comptree" for hierarchy "Comparador21:das|lpm_compare:lpm_compare_component|comptree:comparator"
Info: Elaborated megafunction instantiation "Comparador21:das|lpm_compare:lpm_compare_component|comptree:comparator", which is child of megafunction instantiation "Comparador21:das|lpm_compare:lpm_compare_component"
Info: Elaborating entity "cmpchain" for hierarchy "Comparador21:das|lpm_compare:lpm_compare_component|comptree:comparator|cmpchain:cmp[0]"
Info: Elaborated megafunction instantiation "Comparador21:das|lpm_compare:lpm_compare_component|comptree:comparator|cmpchain:cmp[0]", which is child of megafunction instantiation "Comparador21:das|lpm_compare:lpm_compare_component"
Info: Elaborating entity "cmpchain" for hierarchy "Comparador21:das|lpm_compare:lpm_compare_component|comptree:comparator|cmpchain:cmp_end"
Info: Elaborated megafunction instantiation "Comparador21:das|lpm_compare:lpm_compare_component|comptree:comparator|cmpchain:cmp_end", which is child of megafunction instantiation "Comparador21:das|lpm_compare:lpm_compare_component"
Info: Elaborating entity "comptree" for hierarchy "Comparador21:das|lpm_compare:lpm_compare_component|comptree:comparator|comptree:sub_comptree"
Info: Elaborated megafunction instantiation "Comparador21:das|lpm_compare:lpm_compare_component|comptree:comparator|comptree:sub_comptree", which is child of megafunction instantiation "Comparador21:das|lpm_compare:lpm_compare_component"
Info: Elaborating entity "cmpchain" for hierarchy "Comparador21:das|lpm_compare:lpm_compare_component|comptree:comparator|comptree:sub_comptree|cmpchain:eq_cmp_end"
Info: Elaborated megafunction instantiation "Comparador21:das|lpm_compare:lpm_compare_component|comptree:comparator|comptree:sub_comptree|cmpchain:eq_cmp_end", which is child of megafunction instantiation "Comparador21:das|lpm_compare:lpm_compare_component"
Info: Elaborating entity "cmpchain" for hierarchy "Comparador21:das|lpm_compare:lpm_compare_component|comptree:comparator|comptree:sub_comptree|cmpchain:gt_cmp_end"
Info: Elaborated megafunction instantiation "Comparador21:das|lpm_compare:lpm_compare_component|comptree:comparator|comptree:sub_comptree|cmpchain:gt_cmp_end", which is child of megafunction instantiation "Comparador21:das|lpm_compare:lpm_compare_component"
Info: Elaborating entity "altshift" for hierarchy "Comparador21:das|lpm_compare:lpm_compare_component|altshift:aeb_ext_lat_ffs"
Info: Elaborated megafunction instantiation "Comparador21:das|lpm_compare:lpm_compare_component|altshift:aeb_ext_lat_ffs", which is child of megafunction instantiation "Comparador21:das|lpm_compare:lpm_compare_component"
Info: Elaborating entity "ROM" for hierarchy "ROM:inst4"
Info: Elaborating entity "lpm_rom" for hierarchy "ROM:inst4|lpm_rom:lpm_rom_component"
Info: Elaborated megafunction instantiation "ROM:inst4|lpm_rom:lpm_rom_component"
Info: Instantiated megafunction "ROM:inst4|lpm_rom:lpm_rom_component" with the following parameter:
    Info: Parameter "intended_device_family" = "ACEX1K"
    Info: Parameter "lpm_address_control" = "REGISTERED"
    Info: Parameter "lpm_file" = "TabelaMemoria.hex"
    Info: Parameter "lpm_outdata" = "REGISTERED"
    Info: Parameter "lpm_type" = "LPM_ROM"
    Info: Parameter "lpm_width" = "4"
    Info: Parameter "lpm_widthad" = "6"
Info: Elaborating entity "altrom" for hierarchy "ROM:inst4|lpm_rom:lpm_rom_component|altrom:srom"
Info: Elaborated megafunction instantiation "ROM:inst4|lpm_rom:lpm_rom_component|altrom:srom", which is child of megafunction instantiation "ROM:inst4|lpm_rom:lpm_rom_component"
Info: Elaborating entity "cont52" for hierarchy "cont52:inst23"
Info: Elaborating entity "lpm_counter1" for hierarchy "cont52:inst23|lpm_counter1:inst"
Info: Elaborating entity "lpm_counter" for hierarchy "cont52:inst23|lpm_counter1:inst|lpm_counter:lpm_counter_component"
Info: Elaborated megafunction instantiation "cont52:inst23|lpm_counter1:inst|lpm_counter:lpm_counter_component"
Info: Instantiated megafunction "cont52:inst23|lpm_counter1:inst|lpm_counter:lpm_counter_component" with the following parameter:
    Info: Parameter "LPM_TYPE" = "LPM_COUNTER"
    Info: Parameter "LPM_WIDTH" = "6"
    Info: Parameter "LPM_DIRECTION" = "UP"
    Info: Parameter "LPM_PORT_UPDOWN" = "PORT_UNUSED"
Info: Elaborating entity "alt_counter_f10ke" for hierarchy "cont52:inst23|lpm_counter1:inst|lpm_counter:lpm_counter_component|alt_counter_f10ke:wysi_counter"
Info: Elaborated megafunction instantiation "cont52:inst23|lpm_counter1:inst|lpm_counter:lpm_counter_component|alt_counter_f10ke:wysi_counter", which is child of megafunction instantiation "cont52:inst23|lpm_counter1:inst|lpm_counter:lpm_counter_component"
Info: Elaborating entity "Comparador17" for hierarchy "Comparador17:inst15"
Info: Elaborating entity "lpm_compare" for hierarchy "Comparador17:inst15|lpm_compare:lpm_compare_component"
Info: Elaborated megafunction instantiation "Comparador17:inst15|lpm_compare:lpm_compare_component"
Info: Instantiated megafunction "Comparador17:inst15|lpm_compare:lpm_compare_component" with the following parameter:
    Info: Parameter "lpm_hint" = "ONE_INPUT_IS_CONSTANT=YES"
    Info: Parameter "lpm_pipeline" = "2"
    Info: Parameter "lpm_representation" = "UNSIGNED"
    Info: Parameter "lpm_type" = "LPM_COMPARE"
    Info: Parameter "lpm_width" = "5"
Info: Elaborating entity "comptree" for hierarchy "Comparador17:inst15|lpm_compare:lpm_compare_component|comptree:comparator"
Info: Elaborated megafunction instantiation "Comparador17:inst15|lpm_compare:lpm_compare_component|comptree:comparator", which is child of megafunction instantiation "Comparador17:inst15|lpm_compare:lpm_compare_component"
Info: Elaborating entity "cmpchain" for hierarchy "Comparador17:inst15|lpm_compare:lpm_compare_component|comptree:comparator|cmpchain:cmp[0]"
Info: Elaborated megafunction instantiation "Comparador17:inst15|lpm_compare:lpm_compare_component|comptree:comparator|cmpchain:cmp[0]", which is child of megafunction instantiation "Comparador17:inst15|lpm_compare:lpm_compare_component"
Info: Elaborating entity "comptree" for hierarchy "Comparador17:inst15|lpm_compare:lpm_compare_component|comptree:comparator|comptree:sub_comptree"
Info: Elaborated megafunction instantiation "Comparador17:inst15|lpm_compare:lpm_compare_component|comptree:comparator|comptree:sub_comptree", which is child of megafunction instantiation "Comparador17:inst15|lpm_compare:lpm_compare_component"
Info: Elaborating entity "cmpchain" for hierarchy "Comparador17:inst15|lpm_compare:lpm_compare_component|comptree:comparator|comptree:sub_comptree|cmpchain:gt_cmp_end"
Info: Elaborated megafunction instantiation "Comparador17:inst15|lpm_compare:lpm_compare_component|comptree:comparator|comptree:sub_comptree|cmpchain:gt_cmp_end", which is child of megafunction instantiation "Comparador17:inst15|lpm_compare:lpm_compare_component"
Info: Elaborating entity "contador0a3" for hierarchy "contador0a3:inst16"
Info: Elaborating entity "decoderSelecao7seg" for hierarchy "decoderSelecao7seg:inst29"
Info: Elaborating entity "Saidas" for hierarchy "Saidas:inst54"
Info: Elaborating entity "ComparadorFinal" for hierarchy "ComparadorFinal:inst36"
Info: Elaborating entity "lpm_compare" for hierarchy "ComparadorFinal:inst36|lpm_compare:lpm_compare_component"
Info: Elaborated megafunction instantiation "ComparadorFinal:inst36|lpm_compare:lpm_compare_component"
Info: Instantiated megafunction "ComparadorFinal:inst36|lpm_compare:lpm_compare_component" with the following parameter:
    Info: Parameter "lpm_pipeline" = "4"
    Info: Parameter "lpm_representation" = "UNSIGNED"
    Info: Parameter "lpm_type" = "LPM_COMPARE"
    Info: Parameter "lpm_width" = "5"
Info: Elaborating entity "comptree" for hierarchy "ComparadorFinal:inst36|lpm_compare:lpm_compare_component|comptree:comparator"
Info: Elaborated megafunction instantiation "ComparadorFinal:inst36|lpm_compare:lpm_compare_component|comptree:comparator", which is child of megafunction instantiation "ComparadorFinal:inst36|lpm_compare:lpm_compare_component"
Info: Elaborating entity "cmpchain" for hierarchy "ComparadorFinal:inst36|lpm_compare:lpm_compare_component|comptree:comparator|cmpchain:cmp[1]"
Info: Elaborated megafunction instantiation "ComparadorFinal:inst36|lpm_compare:lpm_compare_component|comptree:comparator|cmpchain:cmp[1]", which is child of megafunction instantiation "ComparadorFinal:inst36|lpm_compare:lpm_compare_component"
Info: Elaborating entity "cmpchain" for hierarchy "ComparadorFinal:inst36|lpm_compare:lpm_compare_component|comptree:comparator|cmpchain:cmp_end"
Info: Elaborated megafunction instantiation "ComparadorFinal:inst36|lpm_compare:lpm_compare_component|comptree:comparator|cmpchain:cmp_end", which is child of megafunction instantiation "ComparadorFinal:inst36|lpm_compare:lpm_compare_component"
Info: Elaborating entity "comptree" for hierarchy "ComparadorFinal:inst36|lpm_compare:lpm_compare_component|comptree:comparator|comptree:sub_comptree"
Info: Elaborated megafunction instantiation "ComparadorFinal:inst36|lpm_compare:lpm_compare_component|comptree:comparator|comptree:sub_comptree", which is child of megafunction instantiation "ComparadorFinal:inst36|lpm_compare:lpm_compare_component"
Info: Elaborating entity "cmpchain" for hierarchy "ComparadorFinal:inst36|lpm_compare:lpm_compare_component|comptree:comparator|comptree:sub_comptree|cmpchain:cmp[0]"
Info: Elaborated megafunction instantiation "ComparadorFinal:inst36|lpm_compare:lpm_compare_component|comptree:comparator|comptree:sub_comptree|cmpchain:cmp[0]", which is child of megafunction instantiation "ComparadorFinal:inst36|lpm_compare:lpm_compare_component"
Info: Elaborating entity "cmpchain" for hierarchy "ComparadorFinal:inst36|lpm_compare:lpm_compare_component|comptree:comparator|comptree:sub_comptree|cmpchain:cmp_end"
Info: Elaborated megafunction instantiation "ComparadorFinal:inst36|lpm_compare:lpm_compare_component|comptree:comparator|comptree:sub_comptree|cmpchain:cmp_end", which is child of megafunction instantiation "ComparadorFinal:inst36|lpm_compare:lpm_compare_component"
Info: Elaborating entity "comptree" for hierarchy "ComparadorFinal:inst36|lpm_compare:lpm_compare_component|comptree:comparator|comptree:sub_comptree|comptree:sub_comptree"
Info: Elaborated megafunction instantiation "ComparadorFinal:inst36|lpm_compare:lpm_compare_component|comptree:comparator|comptree:sub_comptree|comptree:sub_comptree", which is child of megafunction instantiation "ComparadorFinal:inst36|lpm_compare:lpm_compare_component"
Info: Elaborating entity "cmpchain" for hierarchy "ComparadorFinal:inst36|lpm_compare:lpm_compare_component|comptree:comparator|comptree:sub_comptree|comptree:sub_comptree|cmpchain:eq_cmp_end"
Info: Elaborated megafunction instantiation "ComparadorFinal:inst36|lpm_compare:lpm_compare_component|comptree:comparator|comptree:sub_comptree|comptree:sub_comptree|cmpchain:eq_cmp_end", which is child of megafunction instantiation "ComparadorFinal:inst36|lpm_compare:lpm_compare_component"
Info: Elaborating entity "cmpchain" for hierarchy "ComparadorFinal:inst36|lpm_compare:lpm_compare_component|comptree:comparator|comptree:sub_comptree|comptree:sub_comptree|cmpchain:gt_cmp_end"
Info: Elaborated megafunction instantiation "ComparadorFinal:inst36|lpm_compare:lpm_compare_component|comptree:comparator|comptree:sub_comptree|comptree:sub_comptree|cmpchain:gt_cmp_end", which is child of megafunction instantiation "ComparadorFinal:inst36|lpm_compare:lpm_compare_component"
Info: Elaborating entity "altshift" for hierarchy "ComparadorFinal:inst36|lpm_compare:lpm_compare_component|altshift:aeb_ext_lat_ffs"
Info: Elaborated megafunction instantiation "ComparadorFinal:inst36|lpm_compare:lpm_compare_component|altshift:aeb_ext_lat_ffs", which is child of megafunction instantiation "ComparadorFinal:inst36|lpm_compare:lpm_compare_component"
Info: Elaborating entity "74273" for hierarchy "74273:inst37"
Info: Elaborated megafunction instantiation "74273:inst37"
Warning: Tri-state node(s) do not directly drive top-level pin(s)
    Warning: Converted the fan-out from the tri-state buffer "ROM:inst4|lpm_rom:lpm_rom_component|otri[2]" to the node "Acumulador:inst21|altaccumulate:altaccumulate_component|accum_0ve:accum_cell|_" into an OR gate
    Warning: Converted the fan-out from the tri-state buffer "ROM:inst4|lpm_rom:lpm_rom_component|otri[3]" to the node "Acumulador:inst21|altaccumulate:altaccumulate_component|accum_0ve:accum_cell|_" into an OR gate
    Warning: Converted the fan-out from the tri-state buffer "ROM:inst4|lpm_rom:lpm_rom_component|otri[1]" to the node "Acumulador:inst21|altaccumulate:altaccumulate_component|accum_0ve:accum_cell|_" into an OR gate
    Warning: Converted the fan-out from the tri-state buffer "ROM:inst4|lpm_rom:lpm_rom_component|otri[0]" to the node "Acumulador:inst21|altaccumulate:altaccumulate_component|accum_0ve:accum_cell|_" into an OR gate
Info: Implemented 295 device resources after synthesis - the final resource count might be different
    Info: Implemented 4 input pins
    Info: Implemented 16 output pins
    Info: Implemented 271 logic cells
    Info: Implemented 4 RAM segments
Info: Quartus II Analysis & Synthesis was successful. 0 errors, 19 warnings
    Info: Peak virtual memory: 208 megabytes
    Info: Processing ended: Mon Aug 21 08:50:49 2017
    Info: Elapsed time: 00:00:07
    Info: Total CPU time (on all processors): 00:00:07


