Flow report for pbl01
Sat Apr 29 18:26:07 2017
Quartus II Version 9.0 Build 184 04/29/2009 Service Pack 1 SJ Web Edition


---------------------
; Table of Contents ;
---------------------
  1. Legal Notice
  2. Flow Summary
  3. Flow Settings
  4. Flow Non-Default Global Settings
  5. Flow Elapsed Time
  6. Flow OS Summary
  7. Flow Log



----------------
; Legal Notice ;
----------------
Copyright (C) 1991-2009 Altera Corporation
Your use of Altera Corporation's design tools, logic functions 
and other software and tools, and its AMPP partner logic 
functions, and any output files from any of the foregoing 
(including device programming or simulation files), and any 
associated documentation or information are expressly subject 
to the terms and conditions of the Altera Program License 
Subscription Agreement, Altera MegaCore Function License 
Agreement, or other applicable license agreement, including, 
without limitation, that your use is for the sole purpose of 
programming logic devices manufactured by Altera and sold by 
Altera or its authorized distributors.  Please refer to the 
applicable agreement for further details.



+------------------------------------------------------------------------+
; Flow Summary                                                           ;
+-------------------------+----------------------------------------------+
; Flow Status             ; Successful - Sat Apr 29 18:26:07 2017        ;
; Quartus II Version      ; 9.0 Build 184 04/29/2009 SP 1 SJ Web Edition ;
; Revision Name           ; pbl01                                        ;
; Top-level Entity Name   ; pbl01                                        ;
; Family                  ; ACEX1K                                       ;
; Device                  ; EP1K100QC208-3                               ;
; Timing Models           ; Final                                        ;
; Met timing requirements ; Yes                                          ;
; Total logic elements    ; 8 / 4,992 ( < 1 % )                          ;
; Total pins              ; 15 / 147 ( 10 % )                            ;
; Total memory bits       ; 0 / 49,152 ( 0 % )                           ;
; Total PLLs              ; 0                                            ;
+-------------------------+----------------------------------------------+


+-----------------------------------------+
; Flow Settings                           ;
+-------------------+---------------------+
; Option            ; Setting             ;
+-------------------+---------------------+
; Start date & time ; 04/29/2017 18:25:57 ;
; Main task         ; Compilation         ;
; Revision Name     ; pbl01               ;
+-------------------+---------------------+


+------------------------------------------------------------------------------------------------------------------------------+
; Flow Non-Default Global Settings                                                                                             ;
+------------------------------------+--------------------------------+---------------+-----------------+----------------------+
; Assignment Name                    ; Value                          ; Default Value ; Entity Name     ; Section Id           ;
+------------------------------------+--------------------------------+---------------+-----------------+----------------------+
; COMPILER_SIGNATURE_ID              ; 35774998048024.149350115710528 ; --            ; --              ; --                   ;
; EDA_DESIGN_ENTRY_SYNTHESIS_TOOL    ; Synplify                       ; <None>        ; generate_p1.bdf ; --                   ;
; EDA_INPUT_DATA_FORMAT              ; Vqm                            ; --            ; generate_p1.bdf ; eda_design_synthesis ;
; EDA_INPUT_GND_NAME                 ; Gnd                            ; --            ; generate_p1.bdf ; eda_design_synthesis ;
; EDA_INPUT_VCC_NAME                 ; Vcc                            ; --            ; generate_p1.bdf ; eda_design_synthesis ;
; EDA_LMF_FILE                       ; synplcty.lmf                   ; --            ; generate_p1.bdf ; eda_design_synthesis ;
; EDA_RUN_TOOL_AUTOMATICALLY         ; Off                            ; --            ; generate_p1.bdf ; eda_design_synthesis ;
; EDA_SHOW_LMF_MAPPING_MESSAGES      ; Off                            ; --            ; generate_p1.bdf ; eda_design_synthesis ;
; MAX_CORE_JUNCTION_TEMP             ; 85                             ; --            ; --              ; --                   ;
; MIN_CORE_JUNCTION_TEMP             ; 0                              ; --            ; --              ; --                   ;
; MISC_FILE                          ; C:/quartus/pbl01.dpf           ; --            ; --              ; --                   ;
; USE_GENERATED_PHYSICAL_CONSTRAINTS ; Off                            ; --            ; --              ; eda_blast_fpga       ;
+------------------------------------+--------------------------------+---------------+-----------------+----------------------+


+-----------------------------------------------------------------------------------------------------------------------------+
; Flow Elapsed Time                                                                                                           ;
+-------------------------+--------------+-------------------------+---------------------+------------------------------------+
; Module Name             ; Elapsed Time ; Average Processors Used ; Peak Virtual Memory ; Total CPU Time (on all processors) ;
+-------------------------+--------------+-------------------------+---------------------+------------------------------------+
; Analysis & Synthesis    ; 00:00:01     ; 1.0                     ; 247 MB              ; 00:00:01                           ;
; Fitter                  ; 00:00:04     ; 1.0                     ; 264 MB              ; 00:00:04                           ;
; Assembler               ; 00:00:01     ; 1.0                     ; 243 MB              ; 00:00:00                           ;
; Classic Timing Analyzer ; 00:00:01     ; 1.0                     ; 209 MB              ; 00:00:00                           ;
; Total                   ; 00:00:07     ; --                      ; --                  ; 00:00:05                           ;
+-------------------------+--------------+-------------------------+---------------------+------------------------------------+


+------------------------------------------------------------------------------------------+
; Flow OS Summary                                                                          ;
+-------------------------+------------------+---------------+------------+----------------+
; Module Name             ; Machine Hostname ; OS Name       ; OS Version ; Processor type ;
+-------------------------+------------------+---------------+------------+----------------+
; Analysis & Synthesis    ; VAS-PC           ; Windows Vista ; 6.2        ; x86_64         ;
; Fitter                  ; VAS-PC           ; Windows Vista ; 6.2        ; x86_64         ;
; Assembler               ; VAS-PC           ; Windows Vista ; 6.2        ; x86_64         ;
; Classic Timing Analyzer ; VAS-PC           ; Windows Vista ; 6.2        ; x86_64         ;
+-------------------------+------------------+---------------+------------+----------------+


------------
; Flow Log ;
------------
quartus_map --read_settings_files=on --write_settings_files=off pbl01 -c pbl01
quartus_fit --read_settings_files=off --write_settings_files=off pbl01 -c pbl01
quartus_asm --read_settings_files=off --write_settings_files=off pbl01 -c pbl01
quartus_tan --read_settings_files=off --write_settings_files=off pbl01 -c pbl01



