Fitter report for RD
Tue Jul 04 16:24:35 2017
Quartus II Version 9.0 Build 235 06/17/2009 Service Pack 2 SJ Web Edition


---------------------
; Table of Contents ;
---------------------
  1. Legal Notice
  2. Fitter Summary
  3. Fitter Settings
  4. Parallel Compilation
  5. Fitter Device Options
  6. Input Pins
  7. Output Pins
  8. All Package Pins
  9. Control Signals
 10. Global & Other Fast Signals
 11. Cascade Chains
 12. Non-Global High Fan-Out Signals
 13. Peripheral Signals
 14. LAB
 15. Local Routing Interconnect
 16. LAB External Interconnect
 17. Row Interconnect
 18. LAB Column Interconnect
 19. LAB Column Interconnect
 20. Fitter Resource Usage Summary
 21. Fitter Resource Utilization by Entity
 22. Delay Chain Summary
 23. Pin-Out File
 24. Fitter Messages



----------------
; Legal Notice ;
----------------
Copyright (C) 1991-2009 Altera Corporation
Your use of Altera Corporation's design tools, logic functions 
and other software and tools, and its AMPP partner logic 
functions, and any output files from any of the foregoing 
(including device programming or simulation files), and any 
associated documentation or information are expressly subject 
to the terms and conditions of the Altera Program License 
Subscription Agreement, Altera MegaCore Function License 
Agreement, or other applicable license agreement, including, 
without limitation, that your use is for the sole purpose of 
programming logic devices manufactured by Altera and sold by 
Altera or its authorized distributors.  Please refer to the 
applicable agreement for further details.



+----------------------------------------------------------------------+
; Fitter Summary                                                       ;
+-----------------------+----------------------------------------------+
; Fitter Status         ; Successful - Tue Jul 04 16:24:35 2017        ;
; Quartus II Version    ; 9.0 Build 235 06/17/2009 SP 2 SJ Web Edition ;
; Revision Name         ; RD                                           ;
; Top-level Entity Name ; RD_Oficial                                   ;
; Family                ; ACEX1K                                       ;
; Device                ; EP1K100QC208-3                               ;
; Timing Models         ; Final                                        ;
; Total logic elements  ; 255 / 4,992 ( 5 % )                          ;
; Total pins            ; 19 / 147 ( 13 % )                            ;
; Total memory bits     ; 0 / 49,152 ( 0 % )                           ;
; Total PLLs            ; 0                                            ;
+-----------------------+----------------------------------------------+


+------------------------------------------------------------------------------------------------------+
; Fitter Settings                                                                                      ;
+------------------------------------------------------------+--------------------+--------------------+
; Option                                                     ; Setting            ; Default Value      ;
+------------------------------------------------------------+--------------------+--------------------+
; Device                                                     ; EP1K100QC208-3     ;                    ;
; Use smart compilation                                      ; Off                ; Off                ;
; Use TimeQuest Timing Analyzer                              ; Off                ; Off                ;
; Router Timing Optimization Level                           ; Normal             ; Normal             ;
; Placement Effort Multiplier                                ; 1.0                ; 1.0                ;
; Router Effort Multiplier                                   ; 1.0                ; 1.0                ;
; Optimize Timing                                            ; Normal compilation ; Normal compilation ;
; Optimize Timing for ECOs                                   ; Off                ; Off                ;
; Regenerate full fit report during ECO compiles             ; Off                ; Off                ;
; Optimize IOC Register Placement for Timing                 ; On                 ; On                 ;
; Limit to One Fitting Attempt                               ; Off                ; Off                ;
; Final Placement Optimizations                              ; Automatically      ; Automatically      ;
; Fitter Aggressive Routability Optimizations                ; Automatically      ; Automatically      ;
; Fitter Initial Placement Seed                              ; 1                  ; 1                  ;
; Slow Slew Rate                                             ; Off                ; Off                ;
; PCI I/O                                                    ; Off                ; Off                ;
; Auto Global Memory Control Signals                         ; Off                ; Off                ;
; Logic Cell Insertion - Individual Logic Cells              ; On                 ; On                 ;
; Logic Cell Insertion - I/Os Fed By Carry or Cascade Chains ; On                 ; On                 ;
; Fitter Effort                                              ; Auto Fit           ; Auto Fit           ;
; Auto Global Clock                                          ; On                 ; On                 ;
; Auto Global Output Enable                                  ; On                 ; On                 ;
; Auto Global Register Control Signals                       ; On                 ; On                 ;
; Force Fitter to Avoid Periphery Placement Warnings         ; Off                ; Off                ;
+------------------------------------------------------------+--------------------+--------------------+


Parallel compilation was disabled, but you have multiple processors available. Enable parallel compilation to reduce compilation time.
+-------------------------------------+
; Parallel Compilation                ;
+----------------------------+--------+
; Processors                 ; Number ;
+----------------------------+--------+
; Number detected on machine ; 2      ;
; Maximum allowed            ; 1      ;
+----------------------------+--------+


+-------------------------------------------------------------------------+
; Fitter Device Options                                                   ;
+----------------------------------------------+--------------------------+
; Option                                       ; Setting                  ;
+----------------------------------------------+--------------------------+
; Enable user-supplied start-up clock (CLKUSR) ; Off                      ;
; Enable device-wide reset (DEV_CLRn)          ; Off                      ;
; Enable device-wide output enable (DEV_OE)    ; Off                      ;
; Enable INIT_DONE output                      ; Off                      ;
; Configuration scheme                         ; Passive Serial           ;
; nWS, nRS, nCS, CS                            ; Unreserved               ;
; RDYnBUSY                                     ; Unreserved               ;
; Data[7..1]                                   ; Unreserved               ;
; Reserve all unused pins                      ; As output driving ground ;
; Base pin-out file on sameframe device        ; Off                      ;
+----------------------------------------------+--------------------------+


+----------------------------------------------------------------------------------------------------------------------------------------------------------------------------------+
; Input Pins                                                                                                                                                                       ;
+--------------------------------+-------+-----+------+---------+--------+--------------+-------------------------+---------------+-----------------+---------------+--------------+
; Name                           ; Pin # ; Row ; Col. ; Fan-Out ; Global ; I/O Register ; Use Local Routing Input ; Power Up High ; PCI I/O Enabled ; Single-Pin CE ; I/O Standard ;
+--------------------------------+-------+-----+------+---------+--------+--------------+-------------------------+---------------+-----------------+---------------+--------------+
; PBIncremento/DecrementoMinutos ; 182   ; --  ; --   ; 1       ; no     ; no           ; no                      ; no            ; no              ; no            ; LVTTL/LVCMOS ;
; PB_UP_DOWN_MINUTOS             ; 78    ; --  ; --   ; 1       ; no     ; no           ; no                      ; no            ; no              ; no            ; LVTTL/LVCMOS ;
; PB_UP_DOWN_HORAS               ; 80    ; --  ; --   ; 1       ; no     ; no           ; no                      ; no            ; no              ; no            ; LVTTL/LVCMOS ;
; PBIncremento/DecrementoHoras   ; 183   ; --  ; --   ; 1       ; no     ; no           ; no                      ; no            ; no              ; no            ; LVTTL/LVCMOS ;
; CLOCK                          ; 79    ; --  ; --   ; 4       ; yes    ; no           ; no                      ; no            ; no              ; no            ; LVTTL/LVCMOS ;
+--------------------------------+-------+-----+------+---------+--------+--------------+-------------------------+---------------+-----------------+---------------+--------------+


+----------------------------------------------------------------------------------------------------------------------------------------------------------------------------------------------------------+
; Output Pins                                                                                                                                                                                              ;
+------------+-------+-----+------+--------------+--------------------------+---------------+----------------+-----------------+---------------+---------------+------------+---------------+--------------+
; Name       ; Pin # ; Row ; Col. ; I/O Register ; Use Local Routing Output ; Power Up High ; Slow Slew Rate ; PCI I/O Enabled ; Single-Pin OE ; Single-Pin CE ; Open Drain ; TRI Primitive ; I/O Standard ;
+------------+-------+-----+------+--------------+--------------------------+---------------+----------------+-----------------+---------------+---------------+------------+---------------+--------------+
; Buzzer     ; 139   ;  C  ; --   ; no           ; no                       ; no            ; no             ; no              ; no            ; no            ; no         ; no            ; LVTTL/LVCMOS ;
; a          ; 30    ;  H  ; --   ; no           ; no                       ; no            ; no             ; no              ; no            ; no            ; no         ; no            ; LVTTL/LVCMOS ;
; b          ; 150   ;  A  ; --   ; no           ; no                       ; no            ; no             ; no              ; no            ; no            ; no         ; no            ; LVTTL/LVCMOS ;
; c          ; 169   ; --  ; 18   ; no           ; no                       ; no            ; no             ; no              ; no            ; no            ; no         ; no            ; LVTTL/LVCMOS ;
; d          ; 36    ;  H  ; --   ; no           ; no                       ; no            ; no             ; no              ; no            ; no            ; no         ; no            ; LVTTL/LVCMOS ;
; e          ; 119   ;  H  ; --   ; no           ; no                       ; no            ; no             ; no              ; no            ; no            ; no         ; no            ; LVTTL/LVCMOS ;
; f          ; 168   ; --  ; 17   ; no           ; no                       ; no            ; no             ; no              ; no            ; no            ; no         ; no            ; LVTTL/LVCMOS ;
; g          ; 18    ;  D  ; --   ; no           ; no                       ; no            ; no             ; no              ; no            ; no            ; no         ; no            ; LVTTL/LVCMOS ;
; D1         ; 113   ;  K  ; --   ; no           ; no                       ; no            ; no             ; no              ; no            ; no            ; no         ; no            ; LVTTL/LVCMOS ;
; D2         ; 90    ; --  ; 16   ; no           ; no                       ; no            ; no             ; no              ; no            ; no            ; no         ; no            ; LVTTL/LVCMOS ;
; D3         ; 31    ;  H  ; --   ; no           ; no                       ; no            ; no             ; no              ; no            ; no            ; no         ; no            ; LVTTL/LVCMOS ;
; D4         ; 148   ;  A  ; --   ; no           ; no                       ; no            ; no             ; no              ; no            ; no            ; no         ; no            ; LVTTL/LVCMOS ;
; dotDisplay ; 8     ;  A  ; --   ; no           ; no                       ; no            ; no             ; no              ; no            ; no            ; no         ; no            ; LVTTL/LVCMOS ;
; led        ; 120   ;  H  ; --   ; no           ; no                       ; no            ; no             ; no              ; no            ; no            ; no         ; no            ; LVTTL/LVCMOS ;
+------------+-------+-----+------+--------------+--------------------------+---------------+----------------+-----------------+---------------+---------------+------------+---------------+--------------+


+-------------------------------------------------------+
; All Package Pins                                      ;
+-------+--------------------------------+--------------+
; Pin # ; Usage                          ; I/O Standard ;
+-------+--------------------------------+--------------+
; 1     ; #TCK                           ;              ;
; 2     ; ^CONF_DONE                     ;              ;
; 3     ; ^nCEO                          ;              ;
; 4     ; #TDO                           ;              ;
; 5     ; VCC_IO                         ;              ;
; 6     ; GND                            ;              ;
; 7     ; GND*                           ;              ;
; 8     ; dotDisplay                     ; LVTTL/LVCMOS ;
; 9     ; GND*                           ;              ;
; 10    ; GND*                           ;              ;
; 11    ; GND*                           ;              ;
; 12    ; GND*                           ;              ;
; 13    ; GND*                           ;              ;
; 14    ; GND*                           ;              ;
; 15    ; GND*                           ;              ;
; 16    ; GND*                           ;              ;
; 17    ; GND*                           ;              ;
; 18    ; g                              ; LVTTL/LVCMOS ;
; 19    ; GND*                           ;              ;
; 20    ; GND                            ;              ;
; 21    ; VCC_INT                        ;              ;
; 22    ; VCC_IO                         ;              ;
; 23    ; GND                            ;              ;
; 24    ; GND*                           ;              ;
; 25    ; GND*                           ;              ;
; 26    ; GND*                           ;              ;
; 27    ; GND*                           ;              ;
; 28    ; GND*                           ;              ;
; 29    ; GND*                           ;              ;
; 30    ; a                              ; LVTTL/LVCMOS ;
; 31    ; D3                             ; LVTTL/LVCMOS ;
; 32    ; GND                            ;              ;
; 33    ; VCC_INT                        ;              ;
; 34    ; VCC_IO                         ;              ;
; 35    ; GND                            ;              ;
; 36    ; d                              ; LVTTL/LVCMOS ;
; 37    ; GND*                           ;              ;
; 38    ; GND*                           ;              ;
; 39    ; GND*                           ;              ;
; 40    ; GND*                           ;              ;
; 41    ; GND*                           ;              ;
; 42    ; VCC_IO                         ;              ;
; 43    ; GND                            ;              ;
; 44    ; GND*                           ;              ;
; 45    ; GND*                           ;              ;
; 46    ; GND*                           ;              ;
; 47    ; GND*                           ;              ;
; 48    ; VCC_INT                        ;              ;
; 49    ; GND                            ;              ;
; 50    ; #TMS                           ;              ;
; 51    ; #TRST                          ;              ;
; 52    ; ^nSTATUS                       ;              ;
; 53    ; GND*                           ;              ;
; 54    ; GND*                           ;              ;
; 55    ; GND*                           ;              ;
; 56    ; GND*                           ;              ;
; 57    ; GND*                           ;              ;
; 58    ; GND*                           ;              ;
; 59    ; GND                            ;              ;
; 60    ; GND*                           ;              ;
; 61    ; GND*                           ;              ;
; 62    ; GND*                           ;              ;
; 63    ; GND*                           ;              ;
; 64    ; GND*                           ;              ;
; 65    ; GND*                           ;              ;
; 66    ; VCC_IO                         ;              ;
; 67    ; GND*                           ;              ;
; 68    ; GND*                           ;              ;
; 69    ; GND*                           ;              ;
; 70    ; GND*                           ;              ;
; 71    ; GND*                           ;              ;
; 72    ; VCC_INT                        ;              ;
; 73    ; GND*                           ;              ;
; 74    ; GND*                           ;              ;
; 75    ; GND*                           ;              ;
; 76    ; GND                            ;              ;
; 77    ; VCC_CKLK                       ;              ;
; 78    ; PB_UP_DOWN_MINUTOS             ; LVTTL/LVCMOS ;
; 79    ; CLOCK                          ; LVTTL/LVCMOS ;
; 80    ; PB_UP_DOWN_HORAS               ; LVTTL/LVCMOS ;
; 81    ; GND_CKLK                       ;              ;
; 82    ; GND                            ;              ;
; 83    ; GND*                           ;              ;
; 84    ; VCC_IO                         ;              ;
; 85    ; GND*                           ;              ;
; 86    ; GND*                           ;              ;
; 87    ; GND*                           ;              ;
; 88    ; GND*                           ;              ;
; 89    ; GND*                           ;              ;
; 90    ; D2                             ; LVTTL/LVCMOS ;
; 91    ; VCC_INT                        ;              ;
; 92    ; GND*                           ;              ;
; 93    ; GND*                           ;              ;
; 94    ; GND*                           ;              ;
; 95    ; GND*                           ;              ;
; 96    ; GND*                           ;              ;
; 97    ; GND*                           ;              ;
; 98    ; VCC_IO                         ;              ;
; 99    ; GND*                           ;              ;
; 100   ; GND*                           ;              ;
; 101   ; GND*                           ;              ;
; 102   ; GND*                           ;              ;
; 103   ; GND*                           ;              ;
; 104   ; GND*                           ;              ;
; 105   ; ^nCONFIG                       ;              ;
; 106   ; VCC_INT                        ;              ;
; 107   ; ^MSEL1                         ;              ;
; 108   ; ^MSEL0                         ;              ;
; 109   ; GND                            ;              ;
; 110   ; VCC_IO                         ;              ;
; 111   ; GND*                           ;              ;
; 112   ; GND*                           ;              ;
; 113   ; D1                             ; LVTTL/LVCMOS ;
; 114   ; GND*                           ;              ;
; 115   ; GND*                           ;              ;
; 116   ; GND*                           ;              ;
; 117   ; GND                            ;              ;
; 118   ; VCC_IO                         ;              ;
; 119   ; e                              ; LVTTL/LVCMOS ;
; 120   ; led                            ; LVTTL/LVCMOS ;
; 121   ; GND*                           ;              ;
; 122   ; GND*                           ;              ;
; 123   ; GND                            ;              ;
; 124   ; VCC_INT                        ;              ;
; 125   ; GND*                           ;              ;
; 126   ; GND*                           ;              ;
; 127   ; GND*                           ;              ;
; 128   ; GND*                           ;              ;
; 129   ; GND                            ;              ;
; 130   ; VCC_INT                        ;              ;
; 131   ; GND*                           ;              ;
; 132   ; GND*                           ;              ;
; 133   ; GND*                           ;              ;
; 134   ; GND*                           ;              ;
; 135   ; GND*                           ;              ;
; 136   ; GND*                           ;              ;
; 137   ; GND                            ;              ;
; 138   ; VCC_IO                         ;              ;
; 139   ; Buzzer                         ; LVTTL/LVCMOS ;
; 140   ; GND*                           ;              ;
; 141   ; GND*                           ;              ;
; 142   ; GND*                           ;              ;
; 143   ; GND*                           ;              ;
; 144   ; GND*                           ;              ;
; 145   ; GND                            ;              ;
; 146   ; VCC_IO                         ;              ;
; 147   ; GND*                           ;              ;
; 148   ; D4                             ; LVTTL/LVCMOS ;
; 149   ; GND*                           ;              ;
; 150   ; b                              ; LVTTL/LVCMOS ;
; 151   ; GND                            ;              ;
; 152   ; VCC_INT                        ;              ;
; 153   ; #TDI                           ;              ;
; 154   ; ^nCE                           ;              ;
; 155   ; ^DCLK                          ;              ;
; 156   ; ^DATA0                         ;              ;
; 157   ; GND*                           ;              ;
; 158   ; GND*                           ;              ;
; 159   ; GND*                           ;              ;
; 160   ; GND*                           ;              ;
; 161   ; GND*                           ;              ;
; 162   ; GND*                           ;              ;
; 163   ; GND*                           ;              ;
; 164   ; GND*                           ;              ;
; 165   ; VCC_IO                         ;              ;
; 166   ; GND*                           ;              ;
; 167   ; GND*                           ;              ;
; 168   ; f                              ; LVTTL/LVCMOS ;
; 169   ; c                              ; LVTTL/LVCMOS ;
; 170   ; GND*                           ;              ;
; 171   ; GND                            ;              ;
; 172   ; GND*                           ;              ;
; 173   ; GND*                           ;              ;
; 174   ; GND*                           ;              ;
; 175   ; GND*                           ;              ;
; 176   ; GND*                           ;              ;
; 177   ; GND*                           ;              ;
; 178   ; VCC_IO                         ;              ;
; 179   ; GND*                           ;              ;
; 180   ; GND*                           ;              ;
; 181   ; GND                            ;              ;
; 182   ; PBIncremento/DecrementoMinutos ; LVTTL/LVCMOS ;
; 183   ; PBIncremento/DecrementoHoras   ; LVTTL/LVCMOS ;
; 184   ; GND+                           ;              ;
; 185   ; VCC_INT                        ;              ;
; 186   ; GND*                           ;              ;
; 187   ; GND*                           ;              ;
; 188   ; GND                            ;              ;
; 189   ; GND*                           ;              ;
; 190   ; GND*                           ;              ;
; 191   ; GND*                           ;              ;
; 192   ; GND*                           ;              ;
; 193   ; GND*                           ;              ;
; 194   ; VCC_IO                         ;              ;
; 195   ; GND*                           ;              ;
; 196   ; GND*                           ;              ;
; 197   ; GND*                           ;              ;
; 198   ; GND*                           ;              ;
; 199   ; GND*                           ;              ;
; 200   ; GND*                           ;              ;
; 201   ; VCC_INT                        ;              ;
; 202   ; GND*                           ;              ;
; 203   ; GND*                           ;              ;
; 204   ; GND*                           ;              ;
; 205   ; GND*                           ;              ;
; 206   ; GND*                           ;              ;
; 207   ; GND*                           ;              ;
; 208   ; GND*                           ;              ;
+-------+--------------------------------+--------------+


+----------------------------------------------------------------------------------------------------+
; Control Signals                                                                                    ;
+--------------------------------------------------+---------+---------+--------------+--------------+
; Name                                             ; Pin #   ; Fan-Out ; Usage        ; Global Usage ;
+--------------------------------------------------+---------+---------+--------------+--------------+
; DivisorFrequencia32768hz:inst3|inst1             ; LC2_I29 ; 6       ; Clock        ; Non-global   ;
; CLOCK                                            ; 79      ; 4       ; Clock        ; Pin          ;
; DivisorFrequencia32768hz:inst16|inst51           ; LC3_E37 ; 5       ; Clock        ; Non-global   ;
; ContadorModulo10:inst|inst3                      ; LC1_E37 ; 6       ; Clock        ; Non-global   ;
; contador0a9v1:inst9|inst54~0                     ; LC8_H1  ; 3       ; Clock        ; Non-global   ;
; contador0a9v1:inst9|inst53                       ; LC4_K24 ; 4       ; Clock        ; Non-global   ;
; contador0a9v1:inst21|inst54~0                    ; LC1_K2  ; 3       ; Clock        ; Non-global   ;
; contador0a3:inst15|inst1                         ; LC2_H12 ; 13      ; Clock enable ; Non-global   ;
; Contador0a9HorasTESTE:inst5|inst54~0             ; LC3_H34 ; 2       ; Clock        ; Non-global   ;
; Contador0a9HorasTESTE:inst5|inst24               ; LC2_H1  ; 4       ; Clock        ; Non-global   ;
; DivisorFrequencia32768hz:inst16|inst1            ; LC1_E15 ; 16      ; Clock        ; Internal     ;
; Contador0a9HorasTESTE:inst5|inst27~12            ; LC3_H20 ; 3       ; Async. load  ; Non-global   ;
; inst12~1                                         ; LC3_H33 ; 4       ; Async. clear ; Non-global   ;
; Contador0a9HorasTESTE:inst5|inst39               ; LC6_H33 ; 2       ; Async. clear ; Non-global   ;
; DivisorFrequencia32768hz:inst3|inst45            ; LC1_I1  ; 2       ; Clock        ; Non-global   ;
; CorretorOscilacaoBuzzer:inst11|74294:inst4|154~0 ; LC2_K3  ; 15      ; Clock        ; Non-global   ;
; CorretorOscilacaoBuzzer:inst11|74294:inst4|8     ; LC4_K7  ; 5       ; Clock enable ; Non-global   ;
; CorretorOscilacaoBuzzer:inst11|74294:inst4|146   ; LC1_K3  ; 4       ; Clock enable ; Non-global   ;
; CorretorOscilacaoBuzzer:inst11|74294:inst4|96    ; LC6_K4  ; 2       ; Clock enable ; Non-global   ;
; CorretorOscilacaoBuzzer:inst11|74294:inst4|150   ; LC7_K4  ; 1       ; Clock enable ; Non-global   ;
; CorretorOscilacaoBuzzer:inst11|74294:inst4|148   ; LC8_K4  ; 1       ; Clock enable ; Non-global   ;
; CorretorOscilacaoBuzzer:inst11|74294:inst4|142   ; LC3_K5  ; 1       ; Clock enable ; Non-global   ;
; CorretorOscilacaoBuzzer:inst11|inst7             ; LC2_K6  ; 15      ; Async. clear ; Non-global   ;
; CorretorOscilacaoBuzzer:inst11|74294:inst4|153   ; LC1_K4  ; 1       ; Clock enable ; Non-global   ;
; CorretorOscilacaoBuzzer:inst23|74294:inst4|154~0 ; LC3_D20 ; 15      ; Clock        ; Non-global   ;
; CorretorOscilacaoBuzzer:inst19|74294:inst4|154~0 ; LC4_F4  ; 15      ; Clock        ; Non-global   ;
; CorretorOscilacaoBuzzer:inst20|74294:inst4|154~0 ; LC2_I50 ; 15      ; Clock        ; Non-global   ;
; CorretorOscilacaoBuzzer:inst11|74294:inst4|144   ; LC8_K3  ; 1       ; Clock enable ; Non-global   ;
; CorretorOscilacaoBuzzer:inst11|74294:inst4|140   ; LC1_K5  ; 4       ; Clock enable ; Non-global   ;
; CorretorOscilacaoBuzzer:inst19|74294:inst4|8     ; LC5_F6  ; 5       ; Clock enable ; Non-global   ;
; CorretorOscilacaoBuzzer:inst19|74294:inst4|146   ; LC1_F4  ; 4       ; Clock enable ; Non-global   ;
; CorretorOscilacaoBuzzer:inst19|74294:inst4|96    ; LC6_F3  ; 2       ; Clock enable ; Non-global   ;
; CorretorOscilacaoBuzzer:inst19|74294:inst4|150   ; LC7_F3  ; 1       ; Clock enable ; Non-global   ;
; CorretorOscilacaoBuzzer:inst19|74294:inst4|148   ; LC8_F3  ; 1       ; Clock enable ; Non-global   ;
; CorretorOscilacaoBuzzer:inst19|74294:inst4|144   ; LC2_F4  ; 1       ; Clock enable ; Non-global   ;
; CorretorOscilacaoBuzzer:inst19|inst7             ; LC2_F21 ; 15      ; Async. clear ; Non-global   ;
; CorretorOscilacaoBuzzer:inst19|74294:inst4|153   ; LC1_F3  ; 1       ; Clock enable ; Non-global   ;
; CorretorOscilacaoBuzzer:inst19|74294:inst4|142   ; LC8_F4  ; 1       ; Clock enable ; Non-global   ;
; CorretorOscilacaoBuzzer:inst19|74294:inst4|140   ; LC1_F5  ; 4       ; Clock enable ; Non-global   ;
; DivisorFrequencia32768hz:inst16|inst45           ; LC1_E33 ; 2       ; Clock        ; Non-global   ;
; CorretorOscilacaoBuzzer:inst23|inst7             ; LC7_H20 ; 15      ; Async. clear ; Non-global   ;
; CorretorOscilacaoBuzzer:inst23|74294:inst4|8     ; LC4_D24 ; 5       ; Clock enable ; Non-global   ;
; CorretorOscilacaoBuzzer:inst23|7408:inst5|4      ; LC1_D20 ; 1       ; Clock enable ; Non-global   ;
; CorretorOscilacaoBuzzer:inst20|74294:inst4|8     ; LC4_I46 ; 5       ; Clock enable ; Non-global   ;
; CorretorOscilacaoBuzzer:inst20|74294:inst4|146   ; LC1_I50 ; 4       ; Clock enable ; Non-global   ;
; CorretorOscilacaoBuzzer:inst20|74294:inst4|96    ; LC6_I51 ; 2       ; Clock enable ; Non-global   ;
; CorretorOscilacaoBuzzer:inst20|74294:inst4|150   ; LC7_I51 ; 1       ; Clock enable ; Non-global   ;
; CorretorOscilacaoBuzzer:inst20|74294:inst4|148   ; LC8_I51 ; 1       ; Clock enable ; Non-global   ;
; CorretorOscilacaoBuzzer:inst20|74294:inst4|142   ; LC3_I48 ; 1       ; Clock enable ; Non-global   ;
; CorretorOscilacaoBuzzer:inst20|inst7             ; LC2_I45 ; 15      ; Async. clear ; Non-global   ;
; CorretorOscilacaoBuzzer:inst20|74294:inst4|153   ; LC2_I51 ; 1       ; Clock enable ; Non-global   ;
; CorretorOscilacaoBuzzer:inst20|74294:inst4|144   ; LC8_I50 ; 1       ; Clock enable ; Non-global   ;
; CorretorOscilacaoBuzzer:inst20|74294:inst4|140   ; LC1_I48 ; 4       ; Clock enable ; Non-global   ;
; DivisorFrequencia32768hz:inst3|inst43            ; LC1_I26 ; 2       ; Clock        ; Non-global   ;
; DivisorFrequencia32768hz:inst3|inst44            ; LC2_I1  ; 2       ; Clock        ; Non-global   ;
; DivisorFrequencia32768hz:inst16|inst43           ; LC1_E28 ; 2       ; Clock        ; Non-global   ;
; DivisorFrequencia32768hz:inst16|inst44           ; LC2_E33 ; 2       ; Clock        ; Non-global   ;
; CorretorOscilacaoBuzzer:inst23|74294:inst4|146   ; LC2_D20 ; 4       ; Clock enable ; Non-global   ;
; CorretorOscilacaoBuzzer:inst23|74294:inst4|96    ; LC6_D15 ; 2       ; Clock enable ; Non-global   ;
; CorretorOscilacaoBuzzer:inst23|74294:inst4|150   ; LC7_D15 ; 1       ; Clock enable ; Non-global   ;
; CorretorOscilacaoBuzzer:inst23|74294:inst4|148   ; LC8_D15 ; 1       ; Clock enable ; Non-global   ;
; CorretorOscilacaoBuzzer:inst23|74294:inst4|140   ; LC2_D21 ; 4       ; Clock enable ; Non-global   ;
; CorretorOscilacaoBuzzer:inst23|74294:inst4|142   ; LC6_D20 ; 1       ; Clock enable ; Non-global   ;
; CorretorOscilacaoBuzzer:inst23|74294:inst4|144   ; LC8_D20 ; 1       ; Clock enable ; Non-global   ;
; CorretorOscilacaoBuzzer:inst23|74294:inst4|153   ; LC1_D15 ; 1       ; Clock enable ; Non-global   ;
; CorretorOscilacaoBuzzer:inst23|74294:inst4|134   ; LC1_D24 ; 4       ; Clock enable ; Non-global   ;
; CorretorOscilacaoBuzzer:inst23|74294:inst4|138   ; LC6_D21 ; 1       ; Clock enable ; Non-global   ;
; CorretorOscilacaoBuzzer:inst23|74294:inst4|136   ; LC7_D21 ; 1       ; Clock enable ; Non-global   ;
; CorretorOscilacaoBuzzer:inst11|74294:inst4|134   ; LC1_K7  ; 4       ; Clock enable ; Non-global   ;
; CorretorOscilacaoBuzzer:inst11|74294:inst4|138   ; LC7_K5  ; 1       ; Clock enable ; Non-global   ;
; CorretorOscilacaoBuzzer:inst11|74294:inst4|136   ; LC8_K5  ; 1       ; Clock enable ; Non-global   ;
; CorretorOscilacaoBuzzer:inst19|74294:inst4|134   ; LC1_F6  ; 4       ; Clock enable ; Non-global   ;
; CorretorOscilacaoBuzzer:inst19|74294:inst4|138   ; LC6_F5  ; 1       ; Clock enable ; Non-global   ;
; CorretorOscilacaoBuzzer:inst19|74294:inst4|136   ; LC7_F5  ; 1       ; Clock enable ; Non-global   ;
; CorretorOscilacaoBuzzer:inst20|74294:inst4|134   ; LC1_I46 ; 4       ; Clock enable ; Non-global   ;
; CorretorOscilacaoBuzzer:inst20|74294:inst4|138   ; LC7_I48 ; 1       ; Clock enable ; Non-global   ;
; CorretorOscilacaoBuzzer:inst20|74294:inst4|136   ; LC8_I48 ; 1       ; Clock enable ; Non-global   ;
; DivisorFrequencia32768hz:inst3|inst41            ; LC1_I23 ; 2       ; Clock        ; Non-global   ;
; DivisorFrequencia32768hz:inst3|inst42            ; LC2_I26 ; 2       ; Clock        ; Non-global   ;
; DivisorFrequencia32768hz:inst16|inst41           ; LC1_E45 ; 2       ; Clock        ; Non-global   ;
; DivisorFrequencia32768hz:inst16|inst42           ; LC2_E28 ; 2       ; Clock        ; Non-global   ;
; DivisorFrequencia32768hz:inst3|inst              ; LC1_I2  ; 2       ; Clock        ; Non-global   ;
; DivisorFrequencia32768hz:inst3|inst40            ; LC2_I23 ; 2       ; Clock        ; Non-global   ;
; DivisorFrequencia32768hz:inst16|inst             ; LC1_E35 ; 2       ; Clock        ; Non-global   ;
; DivisorFrequencia32768hz:inst16|inst40           ; LC2_E45 ; 2       ; Clock        ; Non-global   ;
; DivisorFrequencia32768hz:inst3|inst38            ; LC2_K26 ; 2       ; Clock        ; Non-global   ;
; DivisorFrequencia32768hz:inst3|inst39            ; LC2_I2  ; 2       ; Clock        ; Non-global   ;
; DivisorFrequencia32768hz:inst16|inst38           ; LC1_E38 ; 2       ; Clock        ; Non-global   ;
; DivisorFrequencia32768hz:inst16|inst39           ; LC2_E35 ; 2       ; Clock        ; Non-global   ;
; DivisorFrequencia32768hz:inst3|inst49            ; LC1_K17 ; 2       ; Clock        ; Non-global   ;
; DivisorFrequencia32768hz:inst3|inst50            ; LC1_K26 ; 2       ; Clock        ; Non-global   ;
; DivisorFrequencia32768hz:inst16|inst49           ; LC1_E42 ; 2       ; Clock        ; Non-global   ;
; DivisorFrequencia32768hz:inst16|inst50           ; LC2_E38 ; 2       ; Clock        ; Non-global   ;
; DivisorFrequencia32768hz:inst3|inst48            ; LC1_K44 ; 2       ; Clock        ; Non-global   ;
; DivisorFrequencia32768hz:inst16|inst47           ; LC2_E37 ; 2       ; Clock        ; Non-global   ;
; DivisorFrequencia32768hz:inst16|inst48           ; LC2_E42 ; 2       ; Clock        ; Non-global   ;
; DivisorFrequencia32768hz:inst3|inst51            ; LC1_K46 ; 2       ; Clock        ; Non-global   ;
; DivisorFrequencia32768hz:inst3|inst47            ; LC2_K44 ; 2       ; Clock        ; Non-global   ;
; ContadorModulo10:inst1|inst3                     ; LC1_E30 ; 6       ; Clock        ; Non-global   ;
; ContadorModulo10:inst2|inst3                     ; LC2_K46 ; 3       ; Clock        ; Non-global   ;
; contador0a5:inst26|inst11~0                      ; LC5_K24 ; 1       ; Clock enable ; Non-global   ;
; CorretorOscilacaoBuzzer:inst11|7408:inst5|4      ; LC6_K3  ; 1       ; Clock enable ; Non-global   ;
; CorretorOscilacaoBuzzer:inst19|7408:inst5|4      ; LC7_F4  ; 1       ; Clock enable ; Non-global   ;
; CorretorOscilacaoBuzzer:inst20|7408:inst5|4      ; LC6_I50 ; 1       ; Clock enable ; Non-global   ;
; CorretorOscilacaoBuzzer:inst11|74294:inst4|133   ; LC6_K7  ; 1       ; Clock enable ; Non-global   ;
; CorretorOscilacaoBuzzer:inst11|74294:inst4|13    ; LC7_K7  ; 1       ; Clock enable ; Non-global   ;
; CorretorOscilacaoBuzzer:inst19|74294:inst4|133   ; LC7_F6  ; 1       ; Clock enable ; Non-global   ;
; CorretorOscilacaoBuzzer:inst19|74294:inst4|13    ; LC8_F6  ; 1       ; Clock enable ; Non-global   ;
; CorretorOscilacaoBuzzer:inst23|74294:inst4|133   ; LC6_D24 ; 1       ; Clock enable ; Non-global   ;
; CorretorOscilacaoBuzzer:inst23|74294:inst4|13    ; LC7_D24 ; 1       ; Clock enable ; Non-global   ;
; CorretorOscilacaoBuzzer:inst20|74294:inst4|133   ; LC6_I46 ; 1       ; Clock enable ; Non-global   ;
; CorretorOscilacaoBuzzer:inst20|74294:inst4|13    ; LC7_I46 ; 1       ; Clock enable ; Non-global   ;
; ContadorModulo10:inst|inst8                      ; LC6_E37 ; 1       ; Clock enable ; Non-global   ;
; ContadorModulo10:inst|inst5                      ; LC7_E37 ; 1       ; Clock enable ; Non-global   ;
; ContadorModulo10:inst2|inst5                     ; LC7_K46 ; 1       ; Clock enable ; Non-global   ;
; ContadorModulo10:inst2|inst8                     ; LC6_K46 ; 1       ; Clock enable ; Non-global   ;
; ContadorModulo10:inst1|inst5                     ; LC6_E30 ; 1       ; Clock enable ; Non-global   ;
; ContadorModulo10:inst1|inst8                     ; LC5_E30 ; 1       ; Clock enable ; Non-global   ;
+--------------------------------------------------+---------+---------+--------------+--------------+


+--------------------------------------------------------------------+
; Global & Other Fast Signals                                        ;
+---------------------------------------+---------+---------+--------+
; Name                                  ; Pin #   ; Fan-Out ; Global ;
+---------------------------------------+---------+---------+--------+
; PBIncremento/DecrementoMinutos        ; 182     ; 1       ; no     ;
; PB_UP_DOWN_MINUTOS                    ; 78      ; 1       ; no     ;
; PB_UP_DOWN_HORAS                      ; 80      ; 1       ; no     ;
; PBIncremento/DecrementoHoras          ; 183     ; 1       ; no     ;
; CLOCK                                 ; 79      ; 4       ; yes    ;
; DivisorFrequencia32768hz:inst16|inst1 ; LC1_E15 ; 16      ; yes    ;
+---------------------------------------+---------+---------+--------+


+----------------+
; Cascade Chains ;
+--------+-------+
; Length ; Count ;
+--------+-------+
; 2      ; 2     ;
+--------+-------+


+------------------------------------------------------------+
; Non-Global High Fan-Out Signals                            ;
+--------------------------------------------------+---------+
; Name                                             ; Fan-Out ;
+--------------------------------------------------+---------+
; CorretorOscilacaoBuzzer:inst11|74294:inst4|154~1 ; 15      ;
; CorretorOscilacaoBuzzer:inst11|inst7~0           ; 15      ;
; CorretorOscilacaoBuzzer:inst23|74294:inst4|154~1 ; 15      ;
; CorretorOscilacaoBuzzer:inst19|74294:inst4|154~1 ; 15      ;
; CorretorOscilacaoBuzzer:inst20|74294:inst4|154~1 ; 15      ;
; CorretorOscilacaoBuzzer:inst19|inst7~0           ; 15      ;
; CorretorOscilacaoBuzzer:inst20|inst7~0           ; 15      ;
; CorretorOscilacaoBuzzer:inst23|inst7~0           ; 15      ;
; contador0a3:inst15|inst1~4                       ; 13      ;
; contador0a3:inst15|inst~4                        ; 12      ;
; Contador0a9HorasTESTE:inst5|inst3~4              ; 12      ;
; contador0a9v1:inst9|inst3~4                      ; 11      ;
; Contador0a9HorasTESTE:inst5|inst~5               ; 10      ;
; Contador0a9HorasTESTE:inst5|inst1~5              ; 9       ;
; Contador0a9HorasTESTE:inst5|inst2~7              ; 9       ;
; contador0a9v1:inst9|inst1~8                      ; 8       ;
; contador0a9v1:inst9|inst~5                       ; 8       ;
; CorretorOscilacaoBuzzer:inst23|inst10~2          ; 8       ;
; contador0a9v1:inst9|inst2~6                      ; 8       ;
; multiplexador4x4:inst14|inst21~3                 ; 7       ;
; CorretorOscilacaoBuzzer:inst19|inst10~2          ; 7       ;
; multiplexador4x4:inst14|inst20~1                 ; 7       ;
; multiplexador4x4:inst14|inst22~10                ; 7       ;
; multiplexador4x4:inst14|inst23~10                ; 7       ;
; ContadorModulo10:inst|inst3~2                    ; 6       ;
; contador0a9v1:inst21|inst3~4                     ; 6       ;
; ContadorModulo10:inst1|inst3~2                   ; 6       ;
; DivisorFrequencia32768hz:inst3|inst1~4           ; 6       ;
; contador0a5:inst27|inst1~4                       ; 6       ;
; contador0a5:inst27|inst~4                        ; 6       ;
; contador0a5:inst27|inst2~4                       ; 6       ;
; CorretorOscilacaoBuzzer:inst19|74294:inst4|8~1   ; 5       ;
; CorretorOscilacaoBuzzer:inst11|74294:inst4|56~1  ; 5       ;
; contador0a5:inst26|inst2~4                       ; 5       ;
; DivisorFrequencia32768hz:inst16|inst51~4         ; 5       ;
; CorretorOscilacaoBuzzer:inst11|74294:inst4|8~1   ; 5       ;
; CorretorOscilacaoBuzzer:inst20|74294:inst4|56~1  ; 5       ;
; Contador0a2:inst22|inst~3                        ; 5       ;
; Contador0a2:inst22|inst1~3                       ; 5       ;
; CorretorOscilacaoBuzzer:inst20|74294:inst4|8~1   ; 5       ;
; CorretorOscilacaoBuzzer:inst23|74294:inst4|56~1  ; 5       ;
; CorretorOscilacaoBuzzer:inst19|inst3~4           ; 5       ;
; CorretorOscilacaoBuzzer:inst23|74294:inst4|8~1   ; 5       ;
; contador0a9v1:inst21|inst~4                      ; 5       ;
; CorretorOscilacaoBuzzer:inst19|74294:inst4|56~1  ; 5       ;
; contador0a9v1:inst21|inst2~4                     ; 5       ;
; CorretorOscilacaoBuzzer:inst19|74294:inst4|9~1   ; 4       ;
; CorretorOscilacaoBuzzer:inst11|74294:inst4|140~0 ; 4       ;
; ContadorModulo10:inst2|inst~2                    ; 4       ;
; contador0a9v1:inst21|inst1~4                     ; 4       ;
+--------------------------------------------------+---------+


+------------------------------------------------------------------------------------------------------------------+
; Peripheral Signals                                                                                               ;
+---------------------------------------+---------+-------+-----------------+---------------------------+----------+
; Peripheral Signal                     ; Source  ; Usage ; Dedicated Clock ; Peripheral Control Signal ; Polarity ;
+---------------------------------------+---------+-------+-----------------+---------------------------+----------+
; DivisorFrequencia32768hz:inst16|inst1 ; LC1_E15 ; Clock ; no              ; yes                       ; +ve      ;
+---------------------------------------+---------+-------+-----------------+---------------------------+----------+


+-------------------------------------------+
; LAB                                       ;
+--------------------------+----------------+
; Number of Logic Elements ; Number of LABs ;
+--------------------------+----------------+
; 0                        ; 573            ;
; 1                        ; 6              ;
; 2                        ; 13             ;
; 3                        ; 3              ;
; 4                        ; 0              ;
; 5                        ; 1              ;
; 6                        ; 3              ;
; 7                        ; 9              ;
; 8                        ; 16             ;
+--------------------------+----------------+


+----------------------------------------------+
; Local Routing Interconnect                   ;
+-----------------------------+----------------+
; Local Routing Interconnects ; Number of LABs ;
+-----------------------------+----------------+
; 0                           ; 577            ;
; 1                           ; 4              ;
; 2                           ; 16             ;
; 3                           ; 0              ;
; 4                           ; 2              ;
; 5                           ; 5              ;
; 6                           ; 8              ;
; 7                           ; 11             ;
; 8                           ; 1              ;
+-----------------------------+----------------+


+---------------------------------------------+
; LAB External Interconnect                   ;
+----------------------------+----------------+
; LAB External Interconnects ; Number of LABs ;
+----------------------------+----------------+
; 0                          ; 575            ;
; 1                          ; 20             ;
; 2                          ; 4              ;
; 3                          ; 10             ;
; 4                          ; 6              ;
; 5                          ; 0              ;
; 6                          ; 2              ;
; 7                          ; 5              ;
; 8                          ; 1              ;
; 9                          ; 0              ;
; 10                         ; 1              ;
+----------------------------+----------------+


+-----------------------------------------------------------------------------------------+
; Row Interconnect                                                                        ;
+-------+--------------------+-----------------------------+------------------------------+
; Row   ; Interconnect Used  ; Left Half Interconnect Used ; Right Half Interconnect Used ;
+-------+--------------------+-----------------------------+------------------------------+
;  A    ;  0 / 208 ( 0 % )   ;  2 / 104 ( 2 % )            ;  1 / 104 ( < 1 % )           ;
;  B    ;  0 / 208 ( 0 % )   ;  0 / 104 ( 0 % )            ;  0 / 104 ( 0 % )             ;
;  C    ;  0 / 208 ( 0 % )   ;  1 / 104 ( < 1 % )          ;  0 / 104 ( 0 % )             ;
;  D    ;  6 / 208 ( 3 % )   ;  3 / 104 ( 3 % )            ;  0 / 104 ( 0 % )             ;
;  E    ;  2 / 208 ( < 1 % ) ;  0 / 104 ( 0 % )            ;  6 / 104 ( 6 % )             ;
;  F    ;  9 / 208 ( 4 % )   ;  3 / 104 ( 3 % )            ;  0 / 104 ( 0 % )             ;
;  G    ;  0 / 208 ( 0 % )   ;  0 / 104 ( 0 % )            ;  0 / 104 ( 0 % )             ;
;  H    ;  23 / 208 ( 11 % ) ;  18 / 104 ( 17 % )          ;  0 / 104 ( 0 % )             ;
;  I    ;  9 / 208 ( 4 % )   ;  4 / 104 ( 4 % )            ;  2 / 104 ( 2 % )             ;
;  J    ;  0 / 208 ( 0 % )   ;  0 / 104 ( 0 % )            ;  0 / 104 ( 0 % )             ;
;  K    ;  9 / 208 ( 4 % )   ;  10 / 104 ( 10 % )          ;  2 / 104 ( 2 % )             ;
;  L    ;  0 / 208 ( 0 % )   ;  0 / 104 ( 0 % )            ;  0 / 104 ( 0 % )             ;
; Total ;  58 / 2496 ( 2 % ) ;  41 / 1248 ( 3 % )          ;  11 / 1248 ( < 1 % )         ;
+-------+--------------------+-----------------------------+------------------------------+


+----------------------------+
; LAB Column Interconnect    ;
+-------+--------------------+
; Col.  ; Interconnect Used  ;
+-------+--------------------+
; 1     ;  1 / 24 ( 4 % )    ;
; 2     ;  1 / 24 ( 4 % )    ;
; 3     ;  0 / 24 ( 0 % )    ;
; 4     ;  1 / 24 ( 4 % )    ;
; 5     ;  0 / 24 ( 0 % )    ;
; 6     ;  0 / 24 ( 0 % )    ;
; 7     ;  0 / 24 ( 0 % )    ;
; 8     ;  0 / 24 ( 0 % )    ;
; 9     ;  0 / 24 ( 0 % )    ;
; 10    ;  0 / 24 ( 0 % )    ;
; 11    ;  1 / 24 ( 4 % )    ;
; 12    ;  1 / 24 ( 4 % )    ;
; 13    ;  0 / 24 ( 0 % )    ;
; 14    ;  1 / 24 ( 4 % )    ;
; 15    ;  0 / 24 ( 0 % )    ;
; 16    ;  2 / 24 ( 8 % )    ;
; 17    ;  2 / 24 ( 8 % )    ;
; 18    ;  2 / 24 ( 8 % )    ;
; 19    ;  0 / 24 ( 0 % )    ;
; 20    ;  2 / 24 ( 8 % )    ;
; 21    ;  0 / 24 ( 0 % )    ;
; 22    ;  0 / 24 ( 0 % )    ;
; 23    ;  0 / 24 ( 0 % )    ;
; 24    ;  2 / 24 ( 8 % )    ;
; 25    ;  0 / 24 ( 0 % )    ;
; 26    ;  2 / 24 ( 8 % )    ;
; 27    ;  0 / 24 ( 0 % )    ;
; 28    ;  0 / 24 ( 0 % )    ;
; 29    ;  1 / 24 ( 4 % )    ;
; 30    ;  1 / 24 ( 4 % )    ;
; 31    ;  0 / 24 ( 0 % )    ;
; 32    ;  0 / 24 ( 0 % )    ;
; 33    ;  0 / 24 ( 0 % )    ;
; 34    ;  0 / 24 ( 0 % )    ;
; 35    ;  0 / 24 ( 0 % )    ;
; 36    ;  0 / 24 ( 0 % )    ;
; 37    ;  0 / 24 ( 0 % )    ;
; 38    ;  0 / 24 ( 0 % )    ;
; 39    ;  0 / 24 ( 0 % )    ;
; 40    ;  0 / 24 ( 0 % )    ;
; 41    ;  0 / 24 ( 0 % )    ;
; 42    ;  0 / 24 ( 0 % )    ;
; 43    ;  0 / 24 ( 0 % )    ;
; 44    ;  0 / 24 ( 0 % )    ;
; 45    ;  0 / 24 ( 0 % )    ;
; 46    ;  0 / 24 ( 0 % )    ;
; 47    ;  0 / 24 ( 0 % )    ;
; 48    ;  0 / 24 ( 0 % )    ;
; 49    ;  0 / 24 ( 0 % )    ;
; 50    ;  1 / 24 ( 4 % )    ;
; 51    ;  0 / 24 ( 0 % )    ;
; 52    ;  0 / 24 ( 0 % )    ;
; Total ;  21 / 1248 ( 2 % ) ;
+-------+--------------------+


+---------------------------+
; LAB Column Interconnect   ;
+-------+-------------------+
; Col.  ; Interconnect Used ;
+-------+-------------------+
; 1     ;  0 / 48 ( 0 % )   ;
; Total ;  0 / 48 ( 0 % )   ;
+-------+-------------------+


+--------------------------------------------------------------------------------------+
; Fitter Resource Usage Summary                                                        ;
+-----------------------------------+--------------------------------------------------+
; Resource                          ; Usage                                            ;
+-----------------------------------+--------------------------------------------------+
; Total logic elements              ; 255 / 4,992 ( 5 % )                              ;
; Registers                         ; 136 / 4,992 ( 3 % )                              ;
; Logic elements in carry chains    ; 0                                                ;
; User inserted logic elements      ; 0                                                ;
; I/O pins                          ; 19 / 147 ( 13 % )                                ;
;     -- Clock pins                 ; 2 / 2 ( 100 % )                                  ;
;     -- Dedicated input pins       ; 4 / 4 ( 100 % )                                  ;
; Global signals                    ; 2                                                ;
; EABs                              ; 0 / 12 ( 0 % )                                   ;
; Total memory bits                 ; 0 / 49,152 ( 0 % )                               ;
; Total RAM block bits              ; 0 / 49,152 ( 0 % )                               ;
; Maximum fan-out node              ; DivisorFrequencia32768hz:inst16|inst1            ;
; Maximum fan-out                   ; 16                                               ;
; Highest non-global fan-out signal ; CorretorOscilacaoBuzzer:inst11|74294:inst4|154~0 ;
; Highest non-global fan-out        ; 15                                               ;
; Total fan-out                     ; 835                                              ;
; Average fan-out                   ; 3.05                                             ;
+-----------------------------------+--------------------------------------------------+


+-----------------------------------------------------------------------------------------------------------------------------------------------------------------------------------------------------------------------------------------------------+
; Fitter Resource Utilization by Entity                                                                                                                                                                                                               ;
+--------------------------------------+-------------+--------------+-------------+------+--------------+-------------------+------------------+-----------------+------------+--------------------------------------------------------+--------------+
; Compilation Hierarchy Node           ; Logic Cells ; LC Registers ; Memory Bits ; Pins ; LUT-Only LCs ; Register-Only LCs ; LUT/Register LCs ; Carry Chain LCs ; Packed LCs ; Full Hierarchy Name                                    ; Library Name ;
+--------------------------------------+-------------+--------------+-------------+------+--------------+-------------------+------------------+-----------------+------------+--------------------------------------------------------+--------------+
; |RD_Oficial                          ; 255 (7)     ; 136          ; 0           ; 19   ; 119 (7)      ; 13 (0)            ; 123 (0)          ; 0 (0)           ; 0 (0)      ; |RD_Oficial                                            ; work         ;
;    |Contador0a2:inst22|              ; 2 (2)       ; 2            ; 0           ; 0    ; 0 (0)        ; 0 (0)             ; 2 (2)            ; 0 (0)           ; 0 (0)      ; |RD_Oficial|Contador0a2:inst22                         ; work         ;
;    |Contador0a9HorasTESTE:inst5|     ; 17 (17)     ; 4            ; 0           ; 0    ; 13 (13)      ; 1 (1)             ; 3 (3)            ; 0 (0)           ; 0 (0)      ; |RD_Oficial|Contador0a9HorasTESTE:inst5                ; work         ;
;    |ContadorModulo10:inst1|          ; 6 (6)       ; 4            ; 0           ; 0    ; 2 (2)        ; 0 (0)             ; 4 (4)            ; 0 (0)           ; 0 (0)      ; |RD_Oficial|ContadorModulo10:inst1                     ; work         ;
;    |ContadorModulo10:inst2|          ; 6 (6)       ; 4            ; 0           ; 0    ; 2 (2)        ; 0 (0)             ; 4 (4)            ; 0 (0)           ; 0 (0)      ; |RD_Oficial|ContadorModulo10:inst2                     ; work         ;
;    |ContadorModulo10:inst|           ; 5 (5)       ; 3            ; 0           ; 0    ; 2 (2)        ; 0 (0)             ; 3 (3)            ; 0 (0)           ; 0 (0)      ; |RD_Oficial|ContadorModulo10:inst                      ; work         ;
;    |CorretorOscilacaoBuzzer:inst11|  ; 34 (4)      ; 18           ; 0           ; 0    ; 16 (1)       ; 3 (3)             ; 15 (0)           ; 0 (0)           ; 0 (0)      ; |RD_Oficial|CorretorOscilacaoBuzzer:inst11             ; work         ;
;       |7408:inst5|                   ; 1 (1)       ; 0            ; 0           ; 0    ; 1 (1)        ; 0 (0)             ; 0 (0)            ; 0 (0)           ; 0 (0)      ; |RD_Oficial|CorretorOscilacaoBuzzer:inst11|7408:inst5  ; work         ;
;       |74294:inst4|                  ; 29 (29)     ; 15           ; 0           ; 0    ; 14 (14)      ; 0 (0)             ; 15 (15)          ; 0 (0)           ; 0 (0)      ; |RD_Oficial|CorretorOscilacaoBuzzer:inst11|74294:inst4 ; work         ;
;    |CorretorOscilacaoBuzzer:inst19|  ; 35 (5)      ; 19           ; 0           ; 0    ; 16 (1)       ; 3 (3)             ; 16 (1)           ; 0 (0)           ; 0 (0)      ; |RD_Oficial|CorretorOscilacaoBuzzer:inst19             ; work         ;
;       |7408:inst5|                   ; 1 (1)       ; 0            ; 0           ; 0    ; 1 (1)        ; 0 (0)             ; 0 (0)            ; 0 (0)           ; 0 (0)      ; |RD_Oficial|CorretorOscilacaoBuzzer:inst19|7408:inst5  ; work         ;
;       |74294:inst4|                  ; 29 (29)     ; 15           ; 0           ; 0    ; 14 (14)      ; 0 (0)             ; 15 (15)          ; 0 (0)           ; 0 (0)      ; |RD_Oficial|CorretorOscilacaoBuzzer:inst19|74294:inst4 ; work         ;
;    |CorretorOscilacaoBuzzer:inst20|  ; 34 (4)      ; 18           ; 0           ; 0    ; 16 (1)       ; 3 (3)             ; 15 (0)           ; 0 (0)           ; 0 (0)      ; |RD_Oficial|CorretorOscilacaoBuzzer:inst20             ; work         ;
;       |7408:inst5|                   ; 1 (1)       ; 0            ; 0           ; 0    ; 1 (1)        ; 0 (0)             ; 0 (0)            ; 0 (0)           ; 0 (0)      ; |RD_Oficial|CorretorOscilacaoBuzzer:inst20|7408:inst5  ; work         ;
;       |74294:inst4|                  ; 29 (29)     ; 15           ; 0           ; 0    ; 14 (14)      ; 0 (0)             ; 15 (15)          ; 0 (0)           ; 0 (0)      ; |RD_Oficial|CorretorOscilacaoBuzzer:inst20|74294:inst4 ; work         ;
;    |CorretorOscilacaoBuzzer:inst23|  ; 34 (4)      ; 18           ; 0           ; 0    ; 16 (1)       ; 3 (3)             ; 15 (0)           ; 0 (0)           ; 0 (0)      ; |RD_Oficial|CorretorOscilacaoBuzzer:inst23             ; work         ;
;       |7408:inst5|                   ; 1 (1)       ; 0            ; 0           ; 0    ; 1 (1)        ; 0 (0)             ; 0 (0)            ; 0 (0)           ; 0 (0)      ; |RD_Oficial|CorretorOscilacaoBuzzer:inst23|7408:inst5  ; work         ;
;       |74294:inst4|                  ; 29 (29)     ; 15           ; 0           ; 0    ; 14 (14)      ; 0 (0)             ; 15 (15)          ; 0 (0)           ; 0 (0)      ; |RD_Oficial|CorretorOscilacaoBuzzer:inst23|74294:inst4 ; work         ;
;    |DecoderSelecao7seg:inst17|       ; 3 (3)       ; 0            ; 0           ; 0    ; 3 (3)        ; 0 (0)             ; 0 (0)            ; 0 (0)           ; 0 (0)      ; |RD_Oficial|DecoderSelecao7seg:inst17                  ; work         ;
;    |DivisorFrequencia32768hz:inst16| ; 15 (15)     ; 15           ; 0           ; 0    ; 0 (0)        ; 0 (0)             ; 15 (15)          ; 0 (0)           ; 0 (0)      ; |RD_Oficial|DivisorFrequencia32768hz:inst16            ; work         ;
;    |DivisorFrequencia32768hz:inst3|  ; 15 (15)     ; 15           ; 0           ; 0    ; 0 (0)        ; 0 (0)             ; 15 (15)          ; 0 (0)           ; 0 (0)      ; |RD_Oficial|DivisorFrequencia32768hz:inst3             ; work         ;
;    |contador0a3:inst15|              ; 2 (2)       ; 2            ; 0           ; 0    ; 0 (0)        ; 0 (0)             ; 2 (2)            ; 0 (0)           ; 0 (0)      ; |RD_Oficial|contador0a3:inst15                         ; work         ;
;    |contador0a5:inst26|              ; 4 (4)       ; 3            ; 0           ; 0    ; 1 (1)        ; 0 (0)             ; 3 (3)            ; 0 (0)           ; 0 (0)      ; |RD_Oficial|contador0a5:inst26                         ; work         ;
;    |contador0a5:inst27|              ; 3 (3)       ; 3            ; 0           ; 0    ; 0 (0)        ; 0 (0)             ; 3 (3)            ; 0 (0)           ; 0 (0)      ; |RD_Oficial|contador0a5:inst27                         ; work         ;
;    |contador0a9v1:inst21|            ; 5 (5)       ; 4            ; 0           ; 0    ; 1 (1)        ; 0 (0)             ; 4 (4)            ; 0 (0)           ; 0 (0)      ; |RD_Oficial|contador0a9v1:inst21                       ; work         ;
;    |contador0a9v1:inst9|             ; 13 (13)     ; 4            ; 0           ; 0    ; 9 (9)        ; 0 (0)             ; 4 (4)            ; 0 (0)           ; 0 (0)      ; |RD_Oficial|contador0a9v1:inst9                        ; work         ;
;    |decoderBCDAnodoComum:inst18|     ; 7 (7)       ; 0            ; 0           ; 0    ; 7 (7)        ; 0 (0)             ; 0 (0)            ; 0 (0)           ; 0 (0)      ; |RD_Oficial|decoderBCDAnodoComum:inst18                ; work         ;
;    |multiplexador4x4:inst14|         ; 8 (8)       ; 0            ; 0           ; 0    ; 8 (8)        ; 0 (0)             ; 0 (0)            ; 0 (0)           ; 0 (0)      ; |RD_Oficial|multiplexador4x4:inst14                    ; work         ;
+--------------------------------------+-------------+--------------+-------------+------+--------------+-------------------+------------------+-----------------+------------+--------------------------------------------------------+--------------+
Note: For table entries with two numbers listed, the numbers in parentheses indicate the number of resources of the given type used by the specific entity alone. The numbers listed outside of parentheses indicate the total resources of the given type used by the specific entity and all of its sub-entities in the hierarchy.


+---------------------------------------------------------+
; Delay Chain Summary                                     ;
+--------------------------------+----------+-------------+
; Name                           ; Pin Type ; Pad to Core ;
+--------------------------------+----------+-------------+
; PBIncremento/DecrementoMinutos ; Input    ; OFF         ;
; PB_UP_DOWN_MINUTOS             ; Input    ; OFF         ;
; PB_UP_DOWN_HORAS               ; Input    ; OFF         ;
; PBIncremento/DecrementoHoras   ; Input    ; ON          ;
; CLOCK                          ; Input    ; OFF         ;
; Buzzer                         ; Output   ; OFF         ;
; a                              ; Output   ; OFF         ;
; b                              ; Output   ; OFF         ;
; c                              ; Output   ; OFF         ;
; d                              ; Output   ; OFF         ;
; e                              ; Output   ; OFF         ;
; f                              ; Output   ; OFF         ;
; g                              ; Output   ; OFF         ;
; D1                             ; Output   ; OFF         ;
; D2                             ; Output   ; OFF         ;
; D3                             ; Output   ; OFF         ;
; D4                             ; Output   ; OFF         ;
; dotDisplay                     ; Output   ; OFF         ;
; led                            ; Output   ; OFF         ;
+--------------------------------+----------+-------------+


+--------------+
; Pin-Out File ;
+--------------+
The pin-out file can be found in D:/UEFS/CD/Problema 2/Relogio Digital/RD.pin.


+-----------------+
; Fitter Messages ;
+-----------------+
Info: *******************************************************************
Info: Running Quartus II Fitter
    Info: Version 9.0 Build 235 06/17/2009 Service Pack 2 SJ Web Edition
    Info: Processing started: Tue Jul 04 16:24:29 2017
Info: Command: quartus_fit --read_settings_files=off --write_settings_files=off RD -c RD
Info: Selected device EP1K100QC208-3 for design "RD"
Info: Fitter is using the Classic Timing Analyzer
Info: Timing requirements not specified -- optimizing circuit to achieve the following default global requirements
    Info: Assuming a global fmax requirement of 1000 MHz
    Info: Not setting a global tsu requirement
    Info: Not setting a global tco requirement
    Info: Not setting a global tpd requirement
Info: Inserted 1 logic cells in first fitting attempt
Info: Started fitting attempt 1 on Tue Jul 04 2017 at 16:24:30
Info: Fitter placement preparation operations beginning
Info: Fitter placement preparation operations ending: elapsed time is 00:00:00
Info: Fitter placement operations beginning
Info: Fitter placement operations ending: elapsed time is 00:00:00
Info: Fitter routing operations beginning
Info: Fitter routing operations ending: elapsed time is 00:00:00
Info: Quartus II Fitter was successful. 0 errors, 0 warnings
    Info: Peak virtual memory: 226 megabytes
    Info: Processing ended: Tue Jul 04 16:24:35 2017
    Info: Elapsed time: 00:00:06
    Info: Total CPU time (on all processors): 00:00:05


